2019-05-21 09:15:36,202 INFO p.Player [main] Day 1, player=Player, city=Grassbay, balance=1000, offensive=107, defensive=107, mental=59, weapon=Kitchen Knife
2019-05-21 09:15:36,208 INFO d.DrugMarket [main] Day 1, Prices on the market: type=MARIJUANA price=40, type=HEROIN price=50, type=ESCTASY price=50, type=COCAINE price=200, type=AMPHETAMINE price=30, 
2019-05-21 09:15:36,230 INFO d.DrugMarket [main] {ESCTASY=70.6322334765448350, HEROIN=54.2648550882093300, MARIJUANA=28.3830197716703920, COCAINE=141.4630283269023800, AMPHETAMINE=47.3489102024843040}
2019-05-21 09:15:41,502 INFO p.Player [main] Day 2, player=Player, city=Grassbay, balance=1000, offensive=107, defensive=107, mental=58, weapon=Kitchen Knife
2019-05-21 09:15:41,502 INFO d.DrugMarket [main] Day 2, Prices on the market: type=ESCTASY price=71, type=HEROIN price=54, type=MARIJUANA price=28, type=COCAINE price=141, type=AMPHETAMINE price=47, 
2019-05-21 09:15:41,504 INFO d.DrugMarket [main] {ESCTASY=99.77879903213303281044129079253700, HEROIN=65.8044601300303641995154255516600, MARIJUANA=27.53414349573517282752871393710960, COCAINE=134.64126283923878470801517166251800, AMPHETAMINE=31.9188422942906034717763718225760}
2019-05-21 09:16:01,229 INFO p.Player [main] Day 3, player=Player, city=Grassbay, balance=1000, offensive=85, defensive=85, mental=37, weapon=Kitchen Knife
2019-05-21 09:16:01,230 INFO d.DrugMarket [main] Day 3, Prices on the market: type=ESCTASY price=100, type=HEROIN price=66, type=MARIJUANA price=28, type=COCAINE price=135, type=AMPHETAMINE price=32, 
2019-05-21 09:16:01,231 INFO d.DrugMarket [main] {ESCTASY=119.854973123819760034664604769776969705712608262500, HEROIN=75.82279653285913033526510003636495077745588522400, MARIJUANA=41.723692446433264323541859041953639570234954742560, COCAINE=148.133480812300450367541570377419097572609982036400, AMPHETAMINE=40.97115100883204375640326986753713441133432591200}
2019-05-21 09:17:22,647 INFO p.Player [main] Day 4, player=Player, city=Grassbay, balance=1000, offensive=29, defensive=31, mental=6, weapon=Kitchen Knife
2019-05-21 09:17:22,647 INFO d.DrugMarket [main] Day 4, Prices on the market: type=ESCTASY price=120, type=HEROIN price=76, type=MARIJUANA price=42, type=COCAINE price=148, type=AMPHETAMINE price=41, 
2019-05-21 09:17:22,648 INFO d.DrugMarket [main] {ESCTASY=92.0428787486895655945771284258339018629953988596015982710511362500, HEROIN=84.90854827710277251628020428456971211692715758982826046260084000, MARIJUANA=56.1432151676256733318393263599623318076270341842161283702674682240, COCAINE=192.7152476868285690446987912340654987716923755953736324461417164800, AMPHETAMINE=34.805436929820770479264969680526583983191860428576025512391527200}
2019-05-21 09:17:30,684 INFO p.Player [main] Day 5, player=Player, city=Grassbay, balance=1000, offensive=29, defensive=31, mental=5, weapon=Kitchen Knife
2019-05-21 09:17:30,684 INFO d.DrugMarket [main] Day 5, Prices on the market: type=ESCTASY price=92, type=HEROIN price=85, type=MARIJUANA price=56, type=COCAINE price=193, type=AMPHETAMINE price=35, 
2019-05-21 09:17:30,685 INFO d.DrugMarket [main] {ESCTASY=81.57087010197327616000011308301887419479938193840886155964134328182680704906762500, HEROIN=114.180126348869916927741334589685554289192030000458575952333131590960262196700000, MARIJUANA=38.63503477815410481605668902605131195893765287233956749664981107624203606269745920, COCAINE=260.35862651730797847348654776932074474971934027407224485412781231700330260716339200, AMPHETAMINE=49.8842618093785123115927359431763438098459166438508539293096447975628840624884000}
2019-05-22 19:54:22,474 INFO p.Player [main] Day 1, player=Player, city=Grassbay, balance=1000, offensive=107, defensive=107, mental=59, weapon=Kitchen Knife
2019-05-22 19:54:22,482 INFO d.DrugMarket [main] Day 1, Prices on the market: type=MARIJUANA price=40, type=HEROIN price=50, type=ESCTASY price=50, type=COCAINE price=200, type=AMPHETAMINE price=30, 
2019-05-22 19:54:22,501 INFO d.DrugMarket [main] {MARIJUANA=42.0693539939860080, HEROIN=42.053617475865550, COCAINE=263.0119674033844400, AMPHETAMINE=31.000207771012020, ESCTASY=77.8301286382242400}
2019-05-22 19:54:44,937 INFO p.Player [main] Day 2, player=Player, city=Grassbay, balance=1000, offensive=51, defensive=53, mental=28, weapon=Kitchen Knife
2019-05-22 19:54:44,937 INFO d.DrugMarket [main] Day 2, Prices on the market: type=MARIJUANA price=42, type=HEROIN price=42, type=COCAINE price=263, type=AMPHETAMINE price=31, type=ESCTASY price=78, 
2019-05-22 19:54:44,941 INFO d.DrugMarket [main] {MARIJUANA=54.17289194772484371646693200286080, HEROIN=49.5482553412221126858580374130850, COCAINE=229.17616216445950816329838655435200, ESCTASY=116.35749096308798055903567187127200, AMPHETAMINE=45.0788364147621552620740380377160}
2019-05-22 21:12:46,671 INFO p.Player [main] Day 1, player=Player, city=Grassbay, balance=930, offensive=177, defensive=177, mental=69, weapon=Kitchen Knife
2019-05-22 21:12:46,678 INFO d.DrugMarket [main] Day 1, Prices on the market: type=MARIJUANA price=40.00, type=HEROIN price=50.00, type=ESCTASY price=50.00, type=COCAINE price=200.00, type=AMPHETAMINE price=30.00, 
2019-05-22 21:12:46,697 INFO d.DrugMarket [main] {ESCTASY=78.7572520263768250, HEROIN=78.777221449433750, MARIJUANA=35.6583010941452560, COCAINE=189.5737363278611800, AMPHETAMINE=32.123110789982040}
2019-05-22 22:13:13,916 INFO p.Player [main] Day 1, player=Player, city=Grassbay, balance=640, offensive=197, defensive=197, mental=114, weapon=Kitchen Knife
2019-05-22 22:13:13,919 INFO d.DrugMarket [main] Day 1, Prices on the market: type=MARIJUANA price=40.00, type=HEROIN price=50.00, type=ESCTASY price=50.00, type=COCAINE price=200.00, type=AMPHETAMINE price=30.00, 
2019-05-22 22:13:13,932 INFO d.DrugMarket [main] {ESCTASY=71.196974767114600, HEROIN=54.0846120732471300, MARIJUANA=52.3506645196692040, COCAINE=307.719833953205600, AMPHETAMINE=18.9211869924780750}
2019-05-22 23:54:45,500 INFO p.Player [main] Day 1, player=Player, city=Grassbay, balance=1000, offensive=101, defensive=101, mental=60, weapon=Bloomy flower
2019-05-22 23:54:45,509 INFO d.DrugMarket [main] Day 1, Prices on the market: type=MARIJUANA price=40.00, type=HEROIN price=50.00, type=ESCTASY price=50.00, type=COCAINE price=200.00, type=AMPHETAMINE price=30.00, 
2019-05-23 22:08:53,405 INFO p.Player [main] Day 1, player=Player, city=Grassbay, balance=930, offensive=185, defensive=185, mental=69, weapon=Kitchen Knife
2019-05-23 22:08:53,409 INFO d.DrugMarket [main] Day 1, Prices on the market: type=MARIJUANA price=40.00, type=HEROIN price=50.00, type=ESCTASY price=50.00, type=COCAINE price=200.00, type=AMPHETAMINE price=30.00, 
2019-05-23 22:08:53,421 INFO d.DrugMarket [main] {MARIJUANA=34.6058356921618960, HEROIN=63.6644666102454750, COCAINE=184.4450381694096400, AMPHETAMINE=20.1880973250778740, ESCTASY=38.0424726176694850}
2019-05-23 22:16:32,123 INFO p.Player [main] Day 1, player=Player, city=Grassbay, balance=1000, offensive=115, defensive=115, mental=59, weapon=Kitchen Knife
2019-05-23 22:16:32,126 INFO d.DrugMarket [main] Day 1, Prices on the market: type=MARIJUANA price=40.00, type=HEROIN price=50.00, type=ESCTASY price=50.00, type=COCAINE price=200.00, type=AMPHETAMINE price=30.00, 
2019-05-23 22:16:32,139 INFO d.DrugMarket [main] {MARIJUANA=51.1628522978496320, HEROIN=51.5486978054725300, COCAINE=269.274928346215600, AMPHETAMINE=27.096145910007450, ESCTASY=43.7383359964528350}
2019-05-23 22:16:37,506 INFO p.Player [main] Day 2, player=Player, city=Grassbay, balance=1000, offensive=115, defensive=115, mental=58, weapon=Kitchen Knife
2019-05-23 22:16:37,506 INFO d.DrugMarket [main] Day 2, Prices on the market: type=MARIJUANA price=51.16, type=HEROIN price=51.55, type=COCAINE price=269.27, type=AMPHETAMINE price=27.10, type=ESCTASY price=43.74, 
2019-05-23 22:16:37,510 INFO d.DrugMarket [main] {MARIJUANA=79.1435955884652531611471074137280, HEROIN=76.0331677195647879631746942057800, COCAINE=245.3585779361512721111436686390000, ESCTASY=59.47664194015179059807895708929250, AMPHETAMINE=34.3813233629022270807538636199250}
2019-05-23 22:16:44,191 INFO p.Player [main] Day 3, player=Player, city=Grassbay, balance=1000, offensive=115, defensive=115, mental=57, weapon=Kitchen Knife
2019-05-23 22:16:44,192 INFO d.DrugMarket [main] Day 3, Prices on the market: type=MARIJUANA price=79.14, type=HEROIN price=76.03, type=COCAINE price=245.36, type=ESCTASY price=59.48, type=AMPHETAMINE price=34.38, 
2019-05-23 22:16:44,193 INFO d.DrugMarket [main] {MARIJUANA=57.60474292222715898263095394169312860196755251840, HEROIN=47.63446611965814324365173851537299168971800638400, COCAINE=225.26829169761033955302303653899152861222190310000, AMPHETAMINE=31.60507309210559130946000795938457208452078602000, ESCTASY=71.666218199323995345464647399705259123660051314500}
2019-05-23 22:16:48,353 INFO p.Player [main] Day 4, player=Player, city=Grassbay, balance=1000, offensive=115, defensive=115, mental=56, weapon=Kitchen Knife
2019-05-23 22:16:48,353 INFO d.DrugMarket [main] Day 4, Prices on the market: type=MARIJUANA price=57.60, type=HEROIN price=47.63, type=COCAINE price=225.27, type=AMPHETAMINE price=31.61, type=ESCTASY price=71.67, 
2019-05-23 22:16:48,354 INFO d.DrugMarket [main] {MARIJUANA=85.046928991922087554183238297235236745353788611715016425045388160, HEROIN=45.20943483308078761825166377006975556661116174988851297249985600, COCAINE=142.190758680717714253270442791603353599966900323381630050304420000, ESCTASY=114.5506427244985436231879670268894296113170314031465203110805811500, AMPHETAMINE=40.815447812090854682008724672118193069707071339199077049239526000}
2019-05-25 23:23:36,524 INFO p.Player [main] Day 1, player=Player, city=Grassbay, balance=1000, offensive=115, defensive=115, mental=59, weapon=Kitchen Knife
2019-05-25 23:23:36,528 INFO d.DrugMarket [main] Day 1, Prices on the market: type=MARIJUANA price=40.00, type=HEROIN price=50.00, type=ESCTASY price=50.00, type=COCAINE price=200.00, type=AMPHETAMINE price=30.00, 
2019-05-25 23:23:36,540 INFO d.DrugMarket [main] {HEROIN=36.2504970579747200, MARIJUANA=45.4982512982146600, ESCTASY=77.4142242068049600, COCAINE=279.2089572012266800, AMPHETAMINE=40.3638496277721090}
2019-05-25 23:24:34,409 INFO p.Player [main] Day 2, player=Player, city=Grassbay, balance=1000, offensive=-20, defensive=-20, mental=43, weapon=Kitchen Knife
2019-05-25 23:24:34,409 INFO d.DrugMarket [main] Day 2, Prices on the market: type=HEROIN price=36.25, type=MARIJUANA price=45.50, type=ESCTASY price=77.41, type=COCAINE price=279.21, type=AMPHETAMINE price=40.36, 
2019-05-25 23:24:34,412 INFO d.DrugMarket [main] {HEROIN=34.42717584462153038987324257718400, MARIJUANA=58.064325394554215094128996409800, ESCTASY=115.19238539836188191339094742675200, COCAINE=431.18095560357343934030012786143200, AMPHETAMINE=57.1286394491088783952411698102240}
2019-05-25 23:29:15,889 INFO p.Player [main] Day 1, player=Player, city=Grassbay, balance=1000, offensive=115, defensive=115, mental=59, weapon=Kitchen Knife
2019-05-25 23:29:15,895 INFO d.DrugMarket [main] Day 1, Prices on the market: type=MARIJUANA price=40.00, type=HEROIN price=50.00, type=ESCTASY price=50.00, type=COCAINE price=200.00, type=AMPHETAMINE price=30.00, 
2019-05-25 23:29:15,916 INFO d.DrugMarket [main] {HEROIN=64.8877475835445850, MARIJUANA=28.5414345457587360, ESCTASY=65.8778484200254850, COCAINE=242.5982448711264800, AMPHETAMINE=46.1648811698883420}
2019-05-25 23:29:36,547 INFO p.Player [main] Day 2, player=Player, city=Grassbay, balance=1000, offensive=115, defensive=115, mental=58, weapon=Kitchen Knife
2019-05-25 23:29:36,547 INFO d.DrugMarket [main] Day 2, Prices on the market: type=HEROIN price=64.89, type=MARIJUANA price=28.54, type=ESCTASY price=65.88, type=COCAINE price=242.60, type=AMPHETAMINE price=46.16, 
2019-05-25 23:29:36,550 INFO d.DrugMarket [main] {HEROIN=63.19390208602623704935156387020750, MARIJUANA=44.62763682473921637830470428753120, ESCTASY=76.46260306447408701583004656116200, COCAINE=299.11744157812068502959570673244000, AMPHETAMINE=52.91032844571791778057878040453060}
2019-05-25 23:36:50,951 INFO p.Player [main] Day 1, player=Player, city=Grassbay, balance=1000, offensive=115, defensive=115, mental=59, weapon=Kitchen Knife
2019-05-25 23:36:50,956 INFO d.DrugMarket [main] Day 1, Prices on the market: type=MARIJUANA price=40.00, type=HEROIN price=50.00, type=ESCTASY price=50.00, type=COCAINE price=200.00, type=AMPHETAMINE price=30.00, 
2019-05-25 23:36:50,979 INFO d.DrugMarket [main] {HEROIN=75.0767070581429750, MARIJUANA=28.8172652252588640, ESCTASY=71.5402807625508250, COCAINE=156.7974823088798400, AMPHETAMINE=45.8292129087878940}
2019-05-25 23:40:01,776 INFO p.Player [main] Day 1, player=Player, city=Grassbay, balance=0, offensive=115, defensive=115, mental=59, weapon=Kitchen Knife
2019-05-25 23:40:01,783 INFO d.DrugMarket [main] Day 1, Prices on the market: type=MARIJUANA price=40.00, type=HEROIN price=50.00, type=ESCTASY price=50.00, type=COCAINE price=200.00, type=AMPHETAMINE price=30.00, 
2019-05-25 23:40:01,835 INFO d.DrugMarket [main] {HEROIN=62.1676424506564250, MARIJUANA=44.5575848788937920, ESCTASY=37.9813291636583650, COCAINE=159.0812944289564600, AMPHETAMINE=44.8781861100835050}
2019-05-25 23:40:29,189 INFO p.Player [main] Day 2, player=Player, city=Grassbay, balance=0, offensive=85, defensive=85, mental=38, weapon=Kitchen Knife
2019-05-25 23:40:29,190 INFO d.DrugMarket [main] Day 2, Prices on the market: type=HEROIN price=62.17, type=MARIJUANA price=44.56, type=ESCTASY price=37.98, type=COCAINE price=159.08, type=AMPHETAMINE price=44.88, 
2019-05-25 23:40:29,195 INFO d.DrugMarket [main] {HEROIN=64.3186239077841315120964464094500, MARIJUANA=64.29905036179865849701414284733120, ESCTASY=37.1180029199167049012598190015800, COCAINE=210.09002082656728136061244562787800, AMPHETAMINE=29.18415063221962924003185016983150}
2019-05-25 23:46:57,804 INFO p.Player [main] Day 1, player=Player, city=Grassbay, balance=0, offensive=115, defensive=115, mental=59, weapon=Kitchen Knife
2019-05-25 23:46:57,810 INFO d.DrugMarket [main] Day 1, Prices on the market: type=MARIJUANA price=40.00, type=HEROIN price=50.00, type=ESCTASY price=50.00, type=COCAINE price=200.00, type=AMPHETAMINE price=30.00, 
2019-05-25 23:46:57,835 INFO d.DrugMarket [main] {HEROIN=45.3155595501852400, MARIJUANA=37.6753444914578880, ESCTASY=36.1325407318528750, COCAINE=247.1623542324769600, AMPHETAMINE=36.7093508672291190}
2019-05-27 07:24:24,065 INFO p.Player [main] Day 1, player=Player, city=Grassbay, balance=0, offensive=115, defensive=115, mental=59, weapon=Kitchen Knife
2019-05-27 07:24:24,066 INFO d.DrugMarket [main] Day 1, Prices on the market: type=MARIJUANA price=40.00, type=HEROIN price=50.00, type=ESCTASY price=50.00, type=COCAINE price=200.00, type=AMPHETAMINE price=30.00, 
2019-05-27 07:24:24,085 INFO d.DrugMarket [main] {AMPHETAMINE=19.2230126597276010, MARIJUANA=42.6595200686608600, ESCTASY=76.776597279289700, COCAINE=192.0525676873185400, HEROIN=39.4719499751977750}
2019-05-27 07:25:03,015 INFO p.Player [main] Day 2, player=Player, city=Grassbay, balance=0, offensive=115, defensive=115, mental=58, weapon=Kitchen Knife
2019-05-27 07:25:03,015 INFO d.DrugMarket [main] Day 2, Prices on the market: type=AMPHETAMINE price=19.22, type=MARIJUANA price=42.66, type=ESCTASY price=76.78, type=COCAINE price=192.05, type=HEROIN price=39.47, 
2019-05-27 07:25:03,018 INFO d.DrugMarket [main] {AMPHETAMINE=27.70095150554957871085687283182170, MARIJUANA=32.2231043657862630978396545598400, ESCTASY=108.711329895686276757389223565200, HEROIN=44.27510713921293194683492488483000, COCAINE=284.38724696840660724659615433361000}
2019-05-27 07:27:10,738 INFO p.Player [main] Day 3, player=Player, city=Grassbay, balance=0, offensive=85, defensive=85, mental=37, weapon=Kitchen Knife
2019-05-27 07:27:10,739 INFO d.DrugMarket [main] Day 3, Prices on the market: type=AMPHETAMINE price=27.70, type=MARIJUANA price=32.22, type=ESCTASY price=108.71, type=HEROIN price=44.28, type=COCAINE price=284.39, 
2019-05-27 07:27:10,741 INFO d.DrugMarket [main] {AMPHETAMINE=18.724007997843513433840598302031429627302878592020, MARIJUANA=48.45959389002328087929369082448172815202633356800, ESCTASY=129.1423646302153138930223018025338876966521443600, COCAINE=191.750370558276711206567015438345550484115899777000, HEROIN=49.75903399066989920110106430728043690556381296000}
2019-05-27 08:26:01,487 INFO p.Player [main] Day 1, player=Player, city=Grassbay, balance=1000, offensive=110, defensive=110, mental=59, weapon=Heavy bar
2019-05-27 08:26:01,490 INFO d.DrugMarket [main] Day 1, Prices on the market: type=MARIJUANA price=40.00, type=HEROIN price=50.00, type=ESCTASY price=50.00, type=COCAINE price=200.00, type=AMPHETAMINE price=30.00, 
2019-05-27 08:26:01,502 INFO d.DrugMarket [main] {AMPHETAMINE=35.0153388859754820, MARIJUANA=57.3250848571243480, ESCTASY=36.6946521768476600, COCAINE=148.0138283459361000, HEROIN=30.7165273440751900}
2019-05-27 08:34:19,461 INFO p.Player [main] Day 1, player=Player, city=Grassbay, balance=950, offensive=125, defensive=115, mental=59, weapon=Pork Dagger
2019-05-27 08:34:19,467 INFO d.DrugMarket [main] Day 1, Prices on the market: type=MARIJUANA price=40.00, type=HEROIN price=50.00, type=ESCTASY price=50.00, type=COCAINE price=200.00, type=AMPHETAMINE price=30.00, 
2019-05-27 08:34:19,485 INFO d.DrugMarket [main] {HEROIN=45.2176847979128050, MARIJUANA=36.8100029009267520, ESCTASY=45.3767343244021650, COCAINE=151.1659267301948800, AMPHETAMINE=47.6010771448321770}
2019-05-27 09:18:08,774 INFO p.Player [main] Day 1, player=Player, city=Grassbay, balance=1000, offensive=210, defensive=185, mental=59, weapon=Assault rifle
2019-05-27 09:18:08,777 INFO d.DrugMarket [main] Day 1, Prices on the market: type=MARIJUANA price=40.00, type=HEROIN price=50.00, type=ESCTASY price=50.00, type=COCAINE price=200.00, type=AMPHETAMINE price=30.00, 
2019-05-27 09:18:08,789 INFO d.DrugMarket [main] {HEROIN=59.247030046216800, MARIJUANA=29.0514755497850880, ESCTASY=71.1836570147751350, COCAINE=133.1869259474591600, AMPHETAMINE=19.582390071235860}
2019-05-27 11:45:17,953 INFO p.Player [main] Day 1, player=Player, city=Grassbay, balance=3000, offensive=115, defensive=115, mental=59, weapon=Kitchen Knife
2019-05-27 11:45:17,961 INFO d.DrugMarket [main] Day 1, Prices on the market: type=MARIJUANA price=40.00, type=HEROIN price=50.00, type=ESCTASY price=50.00, type=COCAINE price=200.00, type=AMPHETAMINE price=30.00, 
2019-05-27 11:45:17,989 INFO d.DrugMarket [main] {HEROIN=69.163258995707600, MARIJUANA=48.25341330130200, ESCTASY=75.9731279463757400, COCAINE=193.7066869693045400, AMPHETAMINE=45.153891400646250}
2019-05-27 11:47:09,851 INFO p.Player [main] Day 2, player=Player, city=Grassbay, balance=5000, offensive=85, defensive=85, mental=38, weapon=Kitchen Knife
2019-05-27 11:47:09,851 INFO d.DrugMarket [main] Day 2, Prices on the market: type=HEROIN price=69.16, type=MARIJUANA price=48.25, type=ESCTASY price=75.97, type=COCAINE price=193.71, type=AMPHETAMINE price=45.15, 
2019-05-27 11:47:09,853 INFO d.DrugMarket [main] {HEROIN=55.2703799363160279712648917543200, MARIJUANA=63.16505624383043818024114790400, ESCTASY=48.49499185827211617723311960525800, COCAINE=219.9909372031160356002585452436200, AMPHETAMINE=62.572867167909867535913776751250}
2019-05-27 11:48:24,597 INFO p.Player [main] Day 1, player=Player, city=Grassbay, balance=3000, offensive=115, defensive=115, mental=59, weapon=Kitchen Knife
2019-05-27 11:48:24,600 INFO d.DrugMarket [main] Day 1, Prices on the market: type=MARIJUANA price=40.00, type=HEROIN price=50.00, type=ESCTASY price=50.00, type=COCAINE price=200.00, type=AMPHETAMINE price=30.00, 
2019-05-27 11:48:24,612 INFO d.DrugMarket [main] {AMPHETAMINE=38.0189468163576720, MARIJUANA=61.6117740528981440, ESCTASY=73.407728628358800, COCAINE=260.3586384114910600, HEROIN=60.579681997530450}
2019-05-27 11:57:13,570 INFO p.Player [main] Day 1, player=Player, city=Grassbay, balance=1000, offensive=115, defensive=115, mental=60, weapon=Kitchen Knife
2019-05-27 11:57:13,575 INFO d.DrugMarket [main] Day 1, Prices on the market: type=MARIJUANA price=40.00, type=HEROIN price=50.00, type=ESCTASY price=50.00, type=COCAINE price=200.00, type=AMPHETAMINE price=30.00, 
2019-05-28 10:53:01,568 INFO p.Player [main] Day 1, player=Player, city=Grassbay, balance=800, offensive=140, defensive=165, mental=84, weapon=Kitchen Knife
2019-05-28 10:53:01,572 INFO d.DrugMarket [main] Day 1, Prices on the market: type=MARIJUANA price=40.00, type=HEROIN price=50.00, type=ESCTASY price=50.00, type=COCAINE price=200.00, type=AMPHETAMINE price=30.00, 
2019-05-28 10:53:01,590 INFO d.DrugMarket [main] {HEROIN=68.7855305976527350, MARIJUANA=58.2379916867834360, ESCTASY=57.373924307975700, COCAINE=140.1265220489981400, AMPHETAMINE=41.765024335245210}
2019-05-28 10:54:53,667 INFO p.Player [main] Day 2, player=Player, city=Grassbay, balance=2099.3673897550093000, offensive=70, defensive=105, mental=53, weapon=Kitchen Knife
2019-05-28 10:54:53,667 INFO d.DrugMarket [main] Day 2, Prices on the market: type=HEROIN price=68.79, type=MARIJUANA price=58.24, type=ESCTASY price=57.37, type=COCAINE price=140.13, type=AMPHETAMINE price=41.77, 
2019-05-28 10:54:53,670 INFO d.DrugMarket [main] {HEROIN=67.29415941793310377248166335769350, MARIJUANA=59.03910906326222783190102773715320, ESCTASY=82.267381295462107093269802886700, COCAINE=121.01810186531266664585547592016400, AMPHETAMINE=56.3286476442139114519703863760670}
2019-05-28 10:55:27,940 INFO p.Player [main] Day 3, player=Player, city=Grassbay, balance=2099.3673897550093000, offensive=70, defensive=105, mental=52, weapon=Kitchen Knife
2019-05-28 10:55:27,940 INFO d.DrugMarket [main] Day 3, Prices on the market: type=HEROIN price=67.29, type=MARIJUANA price=59.04, type=ESCTASY price=82.27, type=COCAINE price=121.02, type=AMPHETAMINE price=56.33, 
2019-05-28 10:55:27,942 INFO d.DrugMarket [main] {HEROIN=52.489796638069874829848496384095038714525481430900, MARIJUANA=94.145140741628757693719859213250944299920384904720, ESCTASY=111.191548403173772644047067752920099877649211400, COCAINE=90.984699521515429039357784575503557379116518483200, AMPHETAMINE=84.8335432640242235398685526395001006668340053730}
2019-05-28 10:55:48,106 INFO p.Player [main] Day 4, player=Player, city=Grassbay, balance=2099.3673897550093000, offensive=70, defensive=105, mental=51, weapon=Kitchen Knife
2019-05-28 10:55:48,106 INFO d.DrugMarket [main] Day 4, Prices on the market: type=HEROIN price=52.49, type=MARIJUANA price=94.15, type=ESCTASY price=111.19, type=COCAINE price=90.98, type=AMPHETAMINE price=84.83, 
2019-05-28 10:55:48,107 INFO d.DrugMarket [main] {HEROIN=56.8207596855532526440918814832547051047380840887313400045800990400, MARIJUANA=132.8726012910387658288288684847066371697304933476459890955919745440, ESCTASY=105.6327721979200895872984539162096629543771103276907321909900200, COCAINE=71.5432814685891714715649454791480396081228024936670229568316940800, AMPHETAMINE=132.948448691748904937766044136688452121613114547940731429082950}
2019-05-28 10:59:09,132 INFO p.Player [main] Day 5, player=Player, city=Grassbay, balance=1599.3673897550093000, offensive=70, defensive=105, mental=50, weapon=Kitchen Knife
2019-05-28 10:59:09,132 INFO d.DrugMarket [main] Day 5, Prices on the market: type=HEROIN price=56.82, type=MARIJUANA price=132.87, type=ESCTASY price=105.63, type=COCAINE price=71.54, type=AMPHETAMINE price=132.95, 
2019-05-28 10:59:09,133 INFO d.DrugMarket [main] {HEROIN=78.15571267266746934267741800392165351690427408022379573228537889822578584118809600, MARIJUANA=185.64211678099834887001934884587097818360294554079394547090830455401913415973682720, ESCTASY=136.60099316692843526018266300645255625883116335928749427986062920665008456771600, COCAINE=52.69108902362979576109624806784590911036219678106329817491830579971173575000665600, AMPHETAMINE=132.7567953886420570781905854103340625446671776113744283797218626616098811413150}
2019-05-28 11:31:03,153 INFO p.Player [main] Day 6, player=Player, city=Grassbay, balance=1599.3673897550093000, offensive=70, defensive=105, mental=49, weapon=Kitchen Knife
2019-05-28 11:31:03,154 INFO d.DrugMarket [main] Day 6, Prices on the market: type=HEROIN price=78.16, type=MARIJUANA price=185.64, type=ESCTASY price=136.60, type=COCAINE price=52.69, type=AMPHETAMINE price=132.76, 
2019-05-28 11:31:03,155 INFO d.DrugMarket [main] {HEROIN=102.377901167965181411912471231027079613722153124086311658643964019176363736956132876408027138457600, MARIJUANA=273.61144978520746615737458725343640107612684526810817608085216360941399518935595232033129325092000, ESCTASY=187.993662633304485402044073728583444638667777346538138436095352710899507617985159353031247085600, COCAINE=77.207099572408984551954241785295393646215912387840185411598280564839167890693564342521672055577600, AMPHETAMINE=181.56036338811884209234929583125839369693257835465418241375819049742524625495861757478594088300}
2019-05-28 11:31:59,105 INFO p.Player [main] Day 7, player=Player, city=Grassbay, balance=55.225398306829608960915164294092127075681752243196291768034388703216642186128713149566558888448000, offensive=70, defensive=105, mental=48, weapon=Kitchen Knife
2019-05-28 11:31:59,105 INFO d.DrugMarket [main] Day 7, Prices on the market: type=HEROIN price=102.38, type=MARIJUANA price=273.61, type=ESCTASY price=187.99, type=COCAINE price=77.21, type=AMPHETAMINE price=181.56, 
2019-05-28 11:31:59,107 INFO d.DrugMarket [main] {HEROIN=149.6687092903376337752668912327472937234775070662479526545246205098114111386127308316643004789067797539000469913600, MARIJUANA=381.481087091194787370504290328142023392737698955260472548460671182501237559491130101742037269156381946214767068000, ESCTASY=199.7664519287344358038557911191772133085055761098922353299972818123562170602039010954634210075375220405447684000, COCAINE=52.4855111487564042772316392235644521879109349183438442467981018801176028302264089176104456479244855155332740147200, AMPHETAMINE=176.309962157871431463651094349983234265694986525006890276712867957815904239241084880205323445201503799626409800}
2019-05-28 11:40:14,230 INFO p.Player [main] Day 8, player=Player, city=Grassbay, balance=55.225398306829608960915164294092127075681752243196291768034388703216642186128713149566558888448000, offensive=70, defensive=105, mental=47, weapon=Kitchen Knife
2019-05-28 11:40:14,231 INFO d.DrugMarket [main] Day 8, Prices on the market: type=HEROIN price=149.67, type=MARIJUANA price=381.48, type=ESCTASY price=199.77, type=COCAINE price=52.49, type=AMPHETAMINE price=176.31, 
2019-05-28 11:40:14,234 INFO d.DrugMarket [main] {HEROIN=111.32734293418443217575260255955072145508148960892631745682297833023526355917616221117513114642641988848086024133997611781181440000, MARIJUANA=230.303455869673827383534896945158543091617090384484751827019298402675183909621086102628105004363408575860005120679598305260716000, ESCTASY=140.88282151824838789389388876630753511997075474294410415677288945215918714940926839887713221879477359705583143904258440174292000, COCAINE=55.35712625123216524392992579448162226078957874734982872778674803682241836563607603927047306656210194526120843811541748373157171200, AMPHETAMINE=122.9219698700422064181632341410102200725655392290270704362876369353730393990353843814710768847991577587667485181256749033199800}
2019-05-28 11:40:47,735 INFO p.Player [main] Day 9, player=Player, city=Grassbay, balance=55.225398306829608960915164294092127075681752243196291768034388703216642186128713149566558888448000, offensive=70, defensive=105, mental=46, weapon=Kitchen Knife
2019-05-28 11:40:47,735 INFO d.DrugMarket [main] Day 9, Prices on the market: type=HEROIN price=111.33, type=MARIJUANA price=230.30, type=ESCTASY price=140.88, type=COCAINE price=55.36, type=AMPHETAMINE price=122.92, 
2019-05-28 12:33:28,050 INFO p.Player [main] Day 1, player=Player, city=Grassbay, balance=0, offensive=115, defensive=115, mental=59, weapon=Kitchen Knife
2019-05-28 12:33:28,050 INFO d.DrugMarket [main] Day 1, Prices on the market: type=MARIJUANA price=40.00, type=HEROIN price=50.00, type=ESCTASY price=50.00, type=COCAINE price=200.00, type=AMPHETAMINE price=30.00, 
2019-05-28 12:33:28,062 INFO d.DrugMarket [main] {AMPHETAMINE=18.6110609970111060, MARIJUANA=25.8995559938717840, ESCTASY=32.8641925616765600, COCAINE=128.3752733348650400, HEROIN=53.987882643958150}
2019-05-28 12:34:30,560 INFO p.Player [main] Day 2, player=Player, city=Grassbay, balance=5.7341884718726320, offensive=85, defensive=85, mental=38, weapon=Kitchen Knife
2019-05-28 12:34:30,560 INFO d.DrugMarket [main] Day 2, Prices on the market: type=AMPHETAMINE price=18.61, type=MARIJUANA price=25.90, type=ESCTASY price=32.86, type=COCAINE price=128.38, type=HEROIN price=53.99, 
2019-05-28 12:34:30,562 INFO d.DrugMarket [main] {AMPHETAMINE=12.26068842729961204619177161883280, MARIJUANA=31.63915478099279877732783185048160, ESCTASY=48.84425288335368541159600641377600, HEROIN=59.750433861760846190346405454850, COCAINE=122.70852659441716711885359206090400}
2019-05-28 12:36:32,679 INFO p.Player [main] Day 1, player=Player, city=Grassbay, balance=1000, offensive=115, defensive=115, mental=59, weapon=Kitchen Knife
2019-05-28 12:36:32,682 INFO d.DrugMarket [main] Day 1, Prices on the market: type=MARIJUANA price=40.00, type=HEROIN price=50.00, type=ESCTASY price=50.00, type=COCAINE price=200.00, type=AMPHETAMINE price=30.00, 
2019-05-28 12:36:32,694 INFO d.DrugMarket [main] {AMPHETAMINE=39.5830194264058620, MARIJUANA=43.2153624757580880, ESCTASY=51.8953544822293300, COCAINE=302.913978969541600, HEROIN=59.023643952753150}
2019-05-28 12:37:17,743 INFO p.Player [main] Day 2, player=Player, city=Grassbay, balance=91.258063091375200, offensive=-20, defensive=-20, mental=43, weapon=Kitchen Knife
2019-05-28 12:37:17,743 INFO d.DrugMarket [main] Day 2, Prices on the market: type=AMPHETAMINE price=39.58, type=MARIJUANA price=43.22, type=ESCTASY price=51.90, type=COCAINE price=302.91, type=HEROIN price=59.02, 
2019-05-28 12:37:17,745 INFO d.DrugMarket [main] {AMPHETAMINE=38.27584034042467469621468593722780, MARIJUANA=38.34094371074219508189525243812160, ESCTASY=73.70522270701105105440831270516900, HEROIN=66.752528973245231799508814716200, COCAINE=442.3377579843110090790299977503200}
2019-05-28 12:37:56,454 INFO p.Player [main] Day 3, player=Player, city=Grassbay, balance=91.258063091375200, offensive=-20, defensive=-20, mental=42, weapon=Kitchen Knife
2019-05-28 12:37:56,455 INFO d.DrugMarket [main] Day 3, Prices on the market: type=AMPHETAMINE price=38.28, type=MARIJUANA price=38.34, type=ESCTASY price=73.71, type=HEROIN price=66.75, type=COCAINE price=442.34, 
2019-05-28 12:37:56,456 INFO d.DrugMarket [main] {AMPHETAMINE=49.741831894552863224227335007462431938564652331620, MARIJUANA=55.784788543614120754267722386181729485957650182720, ESCTASY=81.31546837256665871765095435057406053232500315500, COCAINE=479.53608110612292795446457450143494773512077581600, HEROIN=46.7651664681624381562903190053235440381201446600}
2019-05-28 12:38:13,879 INFO p.Player [main] Day 4, player=Player, city=Grassbay, balance=91.258063091375200, offensive=-20, defensive=-20, mental=41, weapon=Kitchen Knife
2019-05-28 12:38:13,879 INFO d.DrugMarket [main] Day 4, Prices on the market: type=AMPHETAMINE price=49.74, type=MARIJUANA price=55.78, type=ESCTASY price=81.32, type=COCAINE price=479.54, type=HEROIN price=46.77, 
2019-05-28 12:38:13,880 INFO d.DrugMarket [main] {AMPHETAMINE=67.4966543201998164108905968097052867964434193069752082224646038720, MARIJUANA=47.2327592456278182073358757022714705062726416856432298775416776000, ESCTASY=114.093417537555329037989926445873747283610110626809726277156446500, HEROIN=57.99960140420721031125418453721678363963470152485686251379375800, COCAINE=556.327280928127328903968647945285417988341860934737997845794312800}
2019-05-28 12:41:06,327 INFO p.Player [main] Day 1, player=Player, city=Grassbay, balance=1000, offensive=115, defensive=115, mental=59, weapon=Kitchen Knife
2019-05-28 12:41:06,331 INFO d.DrugMarket [main] Day 1, Prices on the market: type=MARIJUANA price=40.00, type=HEROIN price=50.00, type=ESCTASY price=50.00, type=COCAINE price=200.00, type=AMPHETAMINE price=30.00, 
2019-05-28 12:41:06,342 INFO d.DrugMarket [main] {AMPHETAMINE=25.9505955266381940, MARIJUANA=61.3884936390890360, ESCTASY=69.3668748175123800, COCAINE=174.100134511091600, HEROIN=78.498332539188850}
2019-05-28 12:42:23,684 INFO p.Player [main] Day 1, player=Player, city=Grassbay, balance=0, offensive=115, defensive=115, mental=59, weapon=Kitchen Knife
2019-05-28 12:42:23,685 INFO d.DrugMarket [main] Day 1, Prices on the market: type=MARIJUANA price=40.00, type=HEROIN price=50.00, type=ESCTASY price=50.00, type=COCAINE price=200.00, type=AMPHETAMINE price=30.00, 
2019-05-28 12:42:23,697 INFO d.DrugMarket [main] {AMPHETAMINE=19.4188470731296950, MARIJUANA=39.3768434365918560, ESCTASY=45.2368115040476700, COCAINE=150.3404425341326200, HEROIN=39.5438427534795600}
2019-05-28 12:44:19,949 INFO p.Player [main] Day 2, player=Player, city=Grassbay, balance=96.8842171829592800, offensive=85, defensive=85, mental=38, weapon=Kitchen Knife
2019-05-28 12:44:19,949 INFO d.DrugMarket [main] Day 2, Prices on the market: type=AMPHETAMINE price=19.42, type=MARIJUANA price=39.38, type=ESCTASY price=45.24, type=COCAINE price=150.34, type=HEROIN price=39.54, 
2019-05-28 12:44:19,951 INFO d.DrugMarket [main] {AMPHETAMINE=20.06372295663749526173705366368800, MARIJUANA=44.10917255678954456434009776560640, ESCTASY=43.96432401097508346192365890942800, HEROIN=32.40287479109373260274942542140800, COCAINE=153.5329168154925418293283639497200}
2019-05-28 12:54:47,289 INFO p.Player [main] Day 1, player=Player, city=Grassbay, balance=1000, offensive=115, defensive=115, mental=60, weapon=Kitchen Knife
2019-05-28 12:54:47,292 INFO d.DrugMarket [main] Day 1, Prices on the market: type=MARIJUANA price=40.00, type=HEROIN price=50.00, type=ESCTASY price=50.00, type=COCAINE price=200.00, type=AMPHETAMINE price=30.00, 
2019-05-28 12:55:03,634 INFO p.Player [main] Day 1, player=Player, city=Grassbay, balance=1000, offensive=115, defensive=115, mental=59, weapon=Kitchen Knife
2019-05-28 12:55:03,638 INFO d.DrugMarket [main] Day 1, Prices on the market: type=MARIJUANA price=40.00, type=HEROIN price=50.00, type=ESCTASY price=50.00, type=COCAINE price=200.00, type=AMPHETAMINE price=30.00, 
2019-05-28 12:55:03,651 INFO d.DrugMarket [main] {AMPHETAMINE=36.3180982091428140, MARIJUANA=49.949855478793520, ESCTASY=67.4643681817360900, COCAINE=246.7514847028165400, HEROIN=66.1385314635633200}
2019-05-28 12:55:06,938 INFO p.Player [main] Day 2, player=Player, city=Grassbay, balance=1000, offensive=115, defensive=115, mental=58, weapon=Kitchen Knife
2019-05-28 12:55:06,938 INFO d.DrugMarket [main] Day 2, Prices on the market: type=AMPHETAMINE price=36.32, type=MARIJUANA price=49.95, type=ESCTASY price=67.46, type=COCAINE price=246.75, type=HEROIN price=66.14, 
2019-05-28 12:55:06,941 INFO d.DrugMarket [main] {AMPHETAMINE=42.87748882480965059558553207271860, MARIJUANA=64.2630092866996735936385676130000, ESCTASY=87.60329480712137235116296857647300, HEROIN=103.44810744582799712957527895977600, COCAINE=384.20638703091926535572269870369400}
2019-05-28 12:55:09,738 INFO p.Player [main] Day 3, player=Player, city=Grassbay, balance=1000, offensive=115, defensive=115, mental=57, weapon=Kitchen Knife
2019-05-28 12:55:09,739 INFO d.DrugMarket [main] Day 3, Prices on the market: type=AMPHETAMINE price=42.88, type=MARIJUANA price=64.26, type=ESCTASY price=87.60, type=HEROIN price=103.45, type=COCAINE price=384.21, 
2019-05-28 12:55:09,740 INFO d.DrugMarket [main] {AMPHETAMINE=51.541376712990577816813665002367026450974089344700, MARIJUANA=69.14800278055079679558796570668826434590767980000, ESCTASY=102.20427231517063792586395586008688605215476779800, COCAINE=412.774760970903320393588737045475600751671387559000, HEROIN=98.038792036897884565670725769283429164727862940800}
2019-05-28 12:55:25,970 INFO p.Player [main] Day 4, player=Player, city=Grassbay, balance=1000, offensive=45, defensive=55, mental=26, weapon=Kitchen Knife
2019-05-28 12:55:25,970 INFO d.DrugMarket [main] Day 4, Prices on the market: type=AMPHETAMINE price=51.54, type=MARIJUANA price=69.15, type=ESCTASY price=102.20, type=COCAINE price=412.77, type=HEROIN price=98.04, 
2019-05-28 12:55:25,972 INFO d.DrugMarket [main] {AMPHETAMINE=32.1231963289747084854981374373008385313431264654732523781724692400, MARIJUANA=103.999704521485182052143175500889279887125153952194629636880700000, ESCTASY=146.19994861015400491319275069514305330718836401662249919162891000, HEROIN=131.673351423628589410329139014363905197804797772002770152716345600, COCAINE=615.2018376629945739910597035362544736259743069180244078019896112000}
2019-05-28 12:55:44,162 INFO p.Player [main] Day 5, player=Player, city=Grassbay, balance=1000, offensive=15, defensive=25, mental=5, weapon=Kitchen Knife
2019-05-28 12:55:44,163 INFO d.DrugMarket [main] Day 5, Prices on the market: type=AMPHETAMINE price=32.12, type=MARIJUANA price=104.00, type=ESCTASY price=146.20, type=HEROIN price=131.67, type=COCAINE price=615.20, 
2019-05-28 12:55:44,165 INFO d.DrugMarket [main] {AMPHETAMINE=46.87062043182717026501650242009587669297019906265265808486542538138430687653748800, MARIJUANA=126.1778843152523359214603647298402150973775426914176995535664106210672416356700000, ESCTASY=178.167676340255509847220750401094406432688893600388791162136504794271003888568000, COCAINE=759.34183868505212768722598207564516016441761472039758779329647669774408124533040000, HEROIN=209.9801104972570597183421829777565516215610538430338006080163501673481329529228800}
2019-05-28 12:55:47,569 INFO p.Player [main] Day 6, player=Player, city=Grassbay, balance=1000, offensive=15, defensive=25, mental=4, weapon=Kitchen Knife
2019-05-28 12:55:47,570 INFO d.DrugMarket [main] Day 6, Prices on the market: type=AMPHETAMINE price=46.87, type=MARIJUANA price=126.18, type=ESCTASY price=178.17, type=COCAINE price=759.34, type=HEROIN price=209.98, 
2019-05-28 12:55:47,572 INFO d.DrugMarket [main] {AMPHETAMINE=39.389168419859737016666365927547129851840561427220859682163665541327116505244109251774997421662400, MARIJUANA=145.84971070439811513462040733554951535481128065578495325429325444456936311995471522349627873200000, ESCTASY=270.8281754782914966740051573574888429292260790983880504064601568280664655729670262789743213616000, HEROIN=137.46453922941994863945754319480775687414269167410876143342685631899385679684448889300711403059200, COCAINE=1144.277635055142536581069755845309402407844366061140471526039155121198114779440428790311420757680000}
2019-05-28 12:55:51,690 INFO p.Player [main] Day 7, player=Player, city=Grassbay, balance=1000, offensive=15, defensive=25, mental=3, weapon=Kitchen Knife
2019-05-28 12:55:51,690 INFO d.DrugMarket [main] Day 7, Prices on the market: type=AMPHETAMINE price=39.39, type=MARIJUANA price=145.85, type=ESCTASY price=270.83, type=HEROIN price=137.46, type=COCAINE price=1144.28, 
2019-05-28 12:55:51,692 INFO d.DrugMarket [main] {AMPHETAMINE=36.2895808008941668329864159583069991768145171807557258365627209465943187031440892661036419800984211157299419140800, MARIJUANA=226.503493525668468938370992339349361203697754998498136186732131981705041479465631767194084729415071202897289600000, ESCTASY=348.68788007775005149323115401628705156211269535792609780134835675350865934462311170942296755456560991472744528000, COCAINE=1592.1822382480443742078198401847530566309076904938793722150906013420947469535978456465968059222325422305049715680000, HEROIN=84.519446412655838840613751330267613348563855591718539522463711668787642813911160129453995743200973235462978713600}
2019-05-28 12:55:55,098 INFO p.Player [main] Day 8, player=Player, city=Grassbay, balance=1000, offensive=15, defensive=25, mental=2, weapon=Kitchen Knife
2019-05-28 12:55:55,098 INFO d.DrugMarket [main] Day 8, Prices on the market: type=AMPHETAMINE price=36.29, type=MARIJUANA price=226.50, type=ESCTASY price=348.69, type=COCAINE price=1592.18, type=HEROIN price=84.52, 
2019-05-28 12:55:55,100 INFO d.DrugMarket [main] {AMPHETAMINE=26.54178939203987354760158925223259728910213283653185426123041532309284033420182201823265991317175536788332314208086665129685972800, MARIJUANA=224.8540453171162907054428659871333822891520100943345744061783214119351239709603438356305640077402188606683718254503322603862400000, ESCTASY=516.460399166009889155537610468032205742126218195827453997006712249221858454277364603391136649015103946601204318324684650484432000, HEROIN=105.0141839759141414141025351948962880883806351967977280748677031389273284354789249707817296811551814079589509943491911532220160000, COCAINE=1428.02776845773652739877849355785099633314670564704324432835206625726924307576343198269895668155402043565054193408075715335130240000}
2019-05-28 12:56:11,954 INFO p.Player [main] Day 9, player=Player, city=Grassbay, balance=1000, offensive=15, defensive=25, mental=1, weapon=Kitchen Knife
2019-05-28 12:56:11,954 INFO d.DrugMarket [main] Day 9, Prices on the market: type=AMPHETAMINE price=26.54, type=MARIJUANA price=224.85, type=ESCTASY price=516.46, type=HEROIN price=105.01, type=COCAINE price=1428.03, 
2019-05-28 12:57:31,458 INFO p.Player [main] Day 1, player=Player, city=Grassbay, balance=1000, offensive=115, defensive=115, mental=60, weapon=Kitchen Knife
2019-05-28 12:57:31,462 INFO d.DrugMarket [main] Day 1, Prices on the market: type=MARIJUANA price=40.00, type=HEROIN price=50.00, type=ESCTASY price=50.00, type=COCAINE price=200.00, type=AMPHETAMINE price=30.00, 
2019-05-28 13:13:21,962 INFO p.Player [main] Day 1, player=Player, city=Grassbay, balance=1200, offensive=115, defensive=115, mental=60, weapon=Kitchen Knife
2019-05-28 13:13:21,965 INFO d.DrugMarket [main] Day 1, Prices on the market: type=MARIJUANA price=40.00, type=HEROIN price=50.00, type=ESCTASY price=50.00, type=COCAINE price=200.00, type=AMPHETAMINE price=30.00, 
2019-05-28 13:29:22,548 INFO p.Player [main] Day 1, player=Player, city=Grassbay, balance=1600, offensive=115, defensive=115, mental=59, weapon=Kitchen Knife
2019-05-28 13:29:22,551 INFO d.DrugMarket [main] Day 1, Prices on the market: type=MARIJUANA price=40.00, type=HEROIN price=50.00, type=ESCTASY price=50.00, type=COCAINE price=200.00, type=AMPHETAMINE price=30.00, 
2019-05-28 13:29:22,563 INFO d.DrugMarket [main] {AMPHETAMINE=33.545706390827130, MARIJUANA=63.8066855237499360, ESCTASY=37.120568474559300, COCAINE=135.3330375175480400, HEROIN=72.4692051048520300}
2019-05-28 13:32:56,401 INFO p.Player [main] Day 1, player=Player, city=Grassbay, balance=1200, offensive=115, defensive=115, mental=24, weapon=Kitchen Knife
2019-05-28 13:32:56,405 INFO d.DrugMarket [main] Day 1, Prices on the market: type=MARIJUANA price=40.00, type=HEROIN price=50.00, type=ESCTASY price=50.00, type=COCAINE price=200.00, type=AMPHETAMINE price=30.00, 
2019-05-28 13:32:56,418 INFO d.DrugMarket [main] {AMPHETAMINE=44.7279666429416880, MARIJUANA=48.1287615586123000, ESCTASY=31.4005276460648950, COCAINE=221.6982217832828800, HEROIN=36.8064444038609900}
2019-05-29 00:18:43,087 INFO p.Player [main] Day 1, player=Player, city=Grassbay, balance=900, offensive=185, defensive=185, mental=104, weapon=Kitchen Knife
2019-05-29 00:18:43,093 INFO d.DrugMarket [main] Day 1, Prices on the market: type=MARIJUANA price=40.00, type=HEROIN price=50.00, type=ESCTASY price=50.00, type=COCAINE price=200.00, type=AMPHETAMINE price=30.00, 
2019-05-29 00:18:43,099 INFO d.DrugMarket [main] {MARIJUANA=61.1040380048461720, COCAINE=287.2006751215661000, HEROIN=78.924955557201450, ESCTASY=36.3384301218046800, AMPHETAMINE=32.8810533169153320}
2019-05-29 00:18:49,664 INFO p.Player [main] Day 2, player=Player, city=Grassbay, balance=900, offensive=185, defensive=185, mental=103, weapon=Kitchen Knife
2019-05-29 00:18:49,665 INFO d.DrugMarket [main] Day 2, Prices on the market: type=MARIJUANA price=61.10, type=COCAINE price=287.20, type=HEROIN price=78.92, type=ESCTASY price=36.34, type=AMPHETAMINE price=32.88, 
2019-05-29 00:18:49,666 INFO d.DrugMarket [main] {MARIJUANA=72.35519241234267196804860482983560, COCAINE=311.99631701782939051710157883931000, HEROIN=59.6314058260024954286908234146300, ESCTASY=43.9027669711196904273365619309600, AMPHETAMINE=45.15723055687382087113366602564600}
2019-05-29 00:19:05,904 INFO p.Player [main] Day 3, player=Player, city=Grassbay, balance=900, offensive=155, defensive=155, mental=82, weapon=Kitchen Knife
2019-05-29 00:19:05,905 INFO d.DrugMarket [main] Day 3, Prices on the market: type=MARIJUANA price=72.36, type=COCAINE price=312.00, type=HEROIN price=59.63, type=ESCTASY price=43.90, type=AMPHETAMINE price=45.16, 
2019-05-29 00:19:05,906 INFO d.DrugMarket [main] {MARIJUANA=54.027213656762762779781137603831905772122413180040, COCAINE=378.241998545408243981070985563682633299986590128000, HEROIN=58.73236311489847726092822790951593461510572306800, ESCTASY=49.98579916425997690295219687346629885599316251200, AMPHETAMINE=58.404289784611796846828100045471525660357814317600}
2019-05-29 00:19:10,352 INFO p.Player [main] Day 4, player=Player, city=Grassbay, balance=900, offensive=155, defensive=155, mental=81, weapon=Kitchen Knife
2019-05-29 00:19:10,352 INFO d.DrugMarket [main] Day 4, Prices on the market: type=MARIJUANA price=54.03, type=COCAINE price=378.24, type=HEROIN price=58.73, type=ESCTASY price=49.99, type=AMPHETAMINE price=58.40, 
2019-05-29 00:19:10,354 INFO d.DrugMarket [main] {MARIJUANA=82.3014680064455920702583496221477261109462737131289229500598888720, COCAINE=261.471592899421307975558062906662974243460856523158737339909648000, HEROIN=63.1524018247765000877528443975656246865016341932431329397338800, ESCTASY=39.372769758935607965332477738916345773036215372061169208192028800, AMPHETAMINE=60.8334884739296691474752672496989437010427906510850729758897398400}
2019-05-29 00:19:26,056 INFO p.Player [main] Day 5, player=Player, city=Grassbay, balance=900, offensive=85, defensive=95, mental=50, weapon=Kitchen Knife
2019-05-29 00:19:26,057 INFO d.DrugMarket [main] Day 5, Prices on the market: type=MARIJUANA price=82.30, type=COCAINE price=261.47, type=HEROIN price=63.15, type=ESCTASY price=39.37, type=AMPHETAMINE price=60.83, 
2019-05-29 00:19:26,058 INFO d.DrugMarket [main] {MARIJUANA=108.58268467231209142644936624082976199230390498204685187975971529569335145289274880, COCAINE=331.3026752552325748885476357733159896741500807432947226028729970483122330863232000, HEROIN=45.68485340195796884962405266824598380883030651667689332674503212931794666792400, ESCTASY=32.0394242019725316781540559769913351251682678835412618432317606353429667462323200, AMPHETAMINE=86.24803630936358958319471736256057085410921625742690460001554782646894481093910400}
2019-05-29 00:20:08,641 INFO p.Player [main] Day 6, player=Player, city=Grassbay, balance=800, offensive=155, defensive=165, mental=94, weapon=Kitchen Knife
2019-05-29 00:20:08,641 INFO d.DrugMarket [main] Day 6, Prices on the market: type=MARIJUANA price=108.58, type=COCAINE price=331.30, type=HEROIN price=45.68, type=ESCTASY price=32.04, type=AMPHETAMINE price=86.25, 
2019-05-29 00:20:08,643 INFO d.DrugMarket [main] {MARIJUANA=88.628406260533928512397354982864074062124983077512426218243754517984680661284116612493859612802560, COCAINE=422.14321225881119088580124113740860638905979140087842863637801546176547078851160220497859450240000, HEROIN=56.06803006689771572136360681246678242465110004686680226534079620953058782936345757139171451600, ESCTASY=45.50928597234924390160021456290392229921703998592465639811590239369207274120833651790426719897600, AMPHETAMINE=101.997797765998653233362020594080321592656030332393636631232300813803559719142013783692160154467200}
2019-05-29 00:20:11,320 INFO p.Player [main] Day 7, player=Player, city=Grassbay, balance=800, offensive=155, defensive=165, mental=93, weapon=Kitchen Knife
2019-05-29 00:20:11,320 INFO d.DrugMarket [main] Day 7, Prices on the market: type=MARIJUANA price=88.63, type=COCAINE price=422.14, type=HEROIN price=56.07, type=ESCTASY price=45.51, type=AMPHETAMINE price=102.00, 
2019-05-29 00:20:11,322 INFO d.DrugMarket [main] {MARIJUANA=107.4370873197269401481894814640973325457308358410151005302391363993535771360801689854873910636968086654469313361920, COCAINE=439.782181119294894848547364685042734266508961472640485650087511309646876516593549482120122953436286590806449280000, HEROIN=78.224254142540603228098595581451982956562994288213383687920078207927170258670290507055532013838715463768686000, ESCTASY=56.135518319390722648248040962169824725315151995763642904032152562431871207307365993898789873374250405119929548800, AMPHETAMINE=101.9957081334747854325408215821624399475565575323428560368171146321043616370035392892496173587428996510075534681600}
2019-05-29 00:20:20,136 INFO p.Player [main] Day 8, player=Player, city=Grassbay, balance=300, offensive=155, defensive=165, mental=92, weapon=Kitchen Knife
2019-05-29 00:20:20,136 INFO d.DrugMarket [main] Day 8, Prices on the market: type=MARIJUANA price=107.44, type=COCAINE price=439.78, type=HEROIN price=78.22, type=ESCTASY price=56.14, type=AMPHETAMINE price=102.00, 
2019-05-29 00:20:20,138 INFO d.DrugMarket [main] {MARIJUANA=98.40961479913315347174429256428191361465540780693547908578361820294139631307812585034514087671268519862671791211193937580950487040, COCAINE=422.3303870428742174040154566135574474784700147011987100398751357360306757092123104124417543996503336351934142681191919139456640000, HEROIN=82.2825610218552974265256262294701206484164568977193452101902073110161602684466245553557460786812794033257486840596549694828000, ESCTASY=74.9769682450247811623450677865809820318721172136206650798602530577952049157930437324104240940424242350567565756066421621062041600, AMPHETAMINE=78.10726464374391558146003699116139533120623427120465824859577350982300293457724559630135763521138914271805197496943722983336473600}
2019-05-29 00:20:39,688 INFO p.Player [main] Day 9, player=Player, city=Grassbay, balance=300, offensive=20, defensive=30, mental=76, weapon=Kitchen Knife
2019-05-29 00:20:39,688 INFO d.DrugMarket [main] Day 9, Prices on the market: type=MARIJUANA price=98.41, type=COCAINE price=422.33, type=HEROIN price=82.28, type=ESCTASY price=74.98, type=AMPHETAMINE price=78.11, 
2019-05-29 00:20:39,690 INFO d.DrugMarket [main] {MARIJUANA=107.88206970678112322166298744082258104650041198146922337334342685641386911918520101454638297805144500425266764069821506068081049742840581608570880, COCAINE=465.74505143643300621807424013797291542127171104626236511616082392222300414411360653899395663049473980474490329339904929857529328313594039766400000, HEROIN=71.34088448357834903648807938846707715498149273702272103218647983766080417793879807345229525677105088889616719650363002784093493937868572056000, ESCTASY=106.38202130446074046337486092147024955618514242882209733110265798294362639662454048733716153597970828183030614659420229021391731269736861561651200, AMPHETAMINE=56.120569263308192584826355162851223900642862233990992593328668442625009929413851379700348572613068333813962364512081118447248603043004745444172800}
2019-05-29 00:23:05,886 INFO p.Player [main] Day 1, player=Player, city=Grassbay, balance=1000, offensive=115, defensive=115, mental=59, weapon=Kitchen Knife
2019-05-29 00:23:05,890 INFO d.DrugMarket [main] Day 1, Prices on the market: type=MARIJUANA price=40.00, type=HEROIN price=50.00, type=ESCTASY price=50.00, type=COCAINE price=200.00, type=AMPHETAMINE price=30.00, 
2019-05-29 00:23:05,896 INFO d.DrugMarket [main] {MARIJUANA=55.1121664140005960, COCAINE=138.4580850636958800, HEROIN=41.6974732518855100, ESCTASY=68.3976139156457400, AMPHETAMINE=33.5528235989636490}
2019-05-29 00:23:09,199 INFO p.Player [main] Day 2, player=Player, city=Grassbay, balance=1000, offensive=115, defensive=115, mental=58, weapon=Kitchen Knife
2019-05-29 00:23:09,199 INFO d.DrugMarket [main] Day 2, Prices on the market: type=MARIJUANA price=55.11, type=COCAINE price=138.46, type=HEROIN price=41.70, type=ESCTASY price=68.40, type=AMPHETAMINE price=33.55, 
2019-05-29 00:23:09,201 INFO d.DrugMarket [main] {MARIJUANA=66.57822687333330908551301287332200, COCAINE=163.33676491666934778764838334780800, HEROIN=63.49007279885019542791422205036200, ESCTASY=62.50609381624211993766483300625200, AMPHETAMINE=34.7580327576702663105104877036030}
2019-05-29 00:23:24,263 INFO p.Player [main] Day 3, player=Player, city=Grassbay, balance=1000, offensive=85, defensive=85, mental=37, weapon=Kitchen Knife
2019-05-29 00:23:24,264 INFO d.DrugMarket [main] Day 3, Prices on the market: type=MARIJUANA price=66.58, type=COCAINE price=163.34, type=HEROIN price=63.49, type=ESCTASY price=62.51, type=AMPHETAMINE price=34.76, 
2019-05-29 00:23:24,265 INFO d.DrugMarket [main] {MARIJUANA=62.68488391916352402202404989656824323605076249200, COCAINE=259.793208948184621059679608892715442367698041683200, HEROIN=53.16546719153691010902105938043885467449856118600, ESCTASY=88.30214581355590277983438273089670938295206597600, AMPHETAMINE=25.79307681653262125750282381099623422134695158840}
2019-05-29 00:24:39,422 INFO p.Player [main] Day 4, player=Player, city=Grassbay, balance=830, offensive=225, defensive=225, mental=91, weapon=Kitchen Knife
2019-05-29 00:24:39,423 INFO d.DrugMarket [main] Day 4, Prices on the market: type=MARIJUANA price=62.68, type=COCAINE price=259.79, type=HEROIN price=53.17, type=ESCTASY price=88.30, type=AMPHETAMINE price=25.79, 
2019-05-29 00:24:39,424 INFO d.DrugMarket [main] {MARIJUANA=47.189350457053128115834521926719142845996266267057274479669727600, COCAINE=347.2123224778696945330038709311856032774975066265098326407387910400, HEROIN=52.182504824054653931869064834265911224176122220953576410130625600, ESCTASY=121.746553462912034548640281121472698404532725403480483580580932000, AMPHETAMINE=15.558798863819727168033762498095072309545863571068554633637322080}
2019-05-29 00:25:18,423 INFO p.Player [main] Day 5, player=Player, city=Grassbay, balance=1030, offensive=155, defensive=165, mental=60, weapon=Kitchen Knife
2019-05-29 00:25:18,423 INFO d.DrugMarket [main] Day 5, Prices on the market: type=MARIJUANA price=47.19, type=COCAINE price=347.21, type=HEROIN price=52.18, type=ESCTASY price=121.75, type=AMPHETAMINE price=15.56, 
2019-05-29 00:25:18,424 INFO d.DrugMarket [main] {MARIJUANA=72.8711301005460271247159753861775378544456823351275178383411379925130860967329600, COCAINE=404.33246769074421569402946420246349128189017480275334119584229211419306797405657600, HEROIN=63.4592717231351842402881243176911763390944605322740007849087519765535481908712000, ESCTASY=81.0235491328042981761828537108875547805278624665884920529602934315843305261744000, AMPHETAMINE=11.5350490192979252081391916297161542406325834849445782382443016902614528595140960}
2019-05-29 00:25:59,135 INFO p.Player [main] Day 6, player=Player, city=Grassbay, balance=530, offensive=155, defensive=165, mental=59, weapon=Kitchen Knife
2019-05-29 00:25:59,135 INFO d.DrugMarket [main] Day 6, Prices on the market: type=MARIJUANA price=72.87, type=COCAINE price=404.33, type=HEROIN price=63.46, type=ESCTASY price=81.02, type=AMPHETAMINE price=11.54, 
2019-05-29 00:25:59,137 INFO d.DrugMarket [main] {MARIJUANA=56.35546729027853296902710189492540538718478084665651292880640848005461761844651259052422230555200, COCAINE=548.604357661002198478297624451983577407314973677160040420373884045913445500596751858546128094259200, HEROIN=46.11575747093290255641481892373930379862714806214431869771853714111907824451102494481957580408000, ESCTASY=70.92275295855644438444462465603549425655546021618884279432702322625423160337918053619261812080000, AMPHETAMINE=14.82123360141797905941263020748977059151652864359584137947771229115140578822748371625906686402080}
2019-05-29 00:26:18,254 INFO p.Player [main] Day 7, player=Player, city=Grassbay, balance=530, offensive=125, defensive=135, mental=38, weapon=Kitchen Knife
2019-05-29 00:26:18,254 INFO d.DrugMarket [main] Day 7, Prices on the market: type=MARIJUANA price=56.36, type=COCAINE price=548.60, type=HEROIN price=46.12, type=ESCTASY price=70.92, type=AMPHETAMINE price=14.82, 
2019-05-29 00:26:18,256 INFO d.DrugMarket [main] {MARIJUANA=81.67569985677147308230989574887047439960703723132110660053310156580347565774905652232433282452283611418525705600, COCAINE=430.3428021407727254522205938942778404360259263983245287728855999644718009068120775187469556012334648992392599347200, HEROIN=66.781474754164569946210971817730596009002275763766280159882085062911694911158536798511491837136035521986449592000, ESCTASY=94.070232825758481988469181175072945504950749098444827384812029947500744816844981951743537924317987794745573920000, AMPHETAMINE=16.729674068364415616947348173951158688810298297994167271999317917567546137643839247411163483808798641818302400960}
2019-05-29 00:27:16,255 INFO p.Player [main] Day 8, player=Player, city=Grassbay, balance=630, offensive=195, defensive=205, mental=82, weapon=Kitchen Knife
2019-05-29 00:27:16,255 INFO d.DrugMarket [main] Day 8, Prices on the market: type=MARIJUANA price=81.68, type=COCAINE price=430.34, type=HEROIN price=66.78, type=ESCTASY price=94.07, type=AMPHETAMINE price=16.73, 
2019-05-29 00:27:16,257 INFO d.DrugMarket [main] {MARIJUANA=100.57966266980836546192197933114730706420374973311203145826618144584238516703142755888213233479915653619947016080388380024854400, COCAINE=548.74985312454548270198925996753499264910326998542823387044229327102384869909220063734515238875980084235365303159616199931722956800, HEROIN=80.4678472574204891366466533039688639751859790440612213776337566729936838513685234317615914770699845627582718771842102244139320000, ESCTASY=98.0951757965027005985411999249349772143402779719857932650347320646730950636094557970447767241653480714888418242621990077523840000, AMPHETAMINE=26.4476826367620425641425157612613815258433547895738831586866627950570362422500156529772661606795511564414908861618644835874121280}
2019-05-29 00:27:25,094 INFO p.Player [main] Day 9, player=Player, city=Grassbay, balance=130, offensive=195, defensive=205, mental=81, weapon=Kitchen Knife
2019-05-29 00:27:25,095 INFO d.DrugMarket [main] Day 9, Prices on the market: type=MARIJUANA price=100.58, type=COCAINE price=548.75, type=HEROIN price=80.47, type=ESCTASY price=98.10, type=AMPHETAMINE price=26.45, 
2019-05-29 00:27:25,096 INFO d.DrugMarket [main] {MARIJUANA=159.450926463881001441037055415163930828845960174583134157284552414203091004135974087241168145680043967559839868346130272061182665528883355561600, COCAINE=349.473170564476088095057960490154517720897011840641628877748891910056342666831692288254573709228150117173807400492339059363745257804047266322841600, HEROIN=52.10731664229972208766774579011785846173457531592015932726202781769633437837155124523104865438659668535776553007167987391191493247835157322320000, ESCTASY=122.4264068941283580475361357822960348424911233100963595018626849037694295643870900884745338501613558997257123267022520177329828200924525321600000, AMPHETAMINE=18.11178020938786065575520850541049827520824110100144156740924057283193512220539780396952835440815860194039354429753353368763292036245923129339200}
2019-05-29 00:28:14,222 INFO p.Player [main] Day 10, player=Player, city=Grassbay, balance=230, offensive=195, defensive=205, mental=80, weapon=Kitchen Knife
2019-05-29 00:28:14,222 INFO d.DrugMarket [main] Day 10, Prices on the market: type=MARIJUANA price=159.45, type=COCAINE price=349.47, type=HEROIN price=52.11, type=ESCTASY price=122.43, type=AMPHETAMINE price=18.11, 
2019-05-29 00:28:14,224 INFO d.DrugMarket [main] {MARIJUANA=188.9616564161810281606126452040191229515234960178599007634806959939685438456533959642580670008921533685961088069164202267973364149518230861107306399569456476800, COCAINE=516.4630981139726119185507220130897123214889419304604250063670614833572617210625764137404460362674854273002918562288885952943221480841589861339086981786731125145600, HEROIN=33.739579048881616276341022983336061956403512446449407644256567769911373387440846020006061156372944950825758289819158784300304206957637977907765266863027529920000, ESCTASY=114.88590416761708416925459020157751870997354713682592841697458835300738234839018546490141039340043756762988209965792237224852979121825008742490481784985254400000, AMPHETAMINE=23.494716411250791123425166267864808972606061703915725575611518451759276317698755288210196310718000684121811674042670612016827126065640878999394835644360363011200}
2019-05-29 00:28:37,045 INFO p.Player [main] Day 11, player=Player, city=Grassbay, balance=2230, offensive=195, defensive=205, mental=79, weapon=Kitchen Knife
2019-05-29 00:28:37,046 INFO d.DrugMarket [main] Day 11, Prices on the market: type=MARIJUANA price=188.96, type=COCAINE price=516.46, type=HEROIN price=33.74, type=ESCTASY price=114.89, type=AMPHETAMINE price=23.49, 
2019-05-29 00:28:37,048 INFO d.DrugMarket [main] {MARIJUANA=262.9093695147040157504727657550434793006132589556947266276185234827066189898489313711916748212827345819112182505131873282175522709686374674721168575928895366701465639776307200, COCAINE=588.15687293790289259651961569677325496423546747914527141082207048550622706460856303362244599083947257829303110455266189439468284424812682823257865243228745425361782062177687961600, HEROIN=38.3342882086608400845771798799890390135783343333416460479404481857124249063649507423270854244553002192364955736766749818152032910080278236981387654091240701623782445887437760000, ESCTASY=143.710902825456541428766827118758228312505948960377824382899872607315133408645414722012052232406501138755941967526806766264814419751981933171565052321082131005237904669068800000, AMPHETAMINE=32.1265541458713370908408881296186095995319253477425656690159082770400657940369374953500167897521110887568279504304259078396657290132630242950998366962378669456967361057812812800}
2019-05-29 00:29:33,101 INFO p.Player [main] Day 12, player=Player, city=Grassbay, balance=2090, offensive=335, defensive=345, mental=98, weapon=Kitchen Knife
2019-05-29 00:29:33,102 INFO d.DrugMarket [main] Day 12, Prices on the market: type=MARIJUANA price=262.91, type=COCAINE price=588.16, type=HEROIN price=38.33, type=ESCTASY price=143.71, type=AMPHETAMINE price=32.13, 
2019-05-29 00:29:33,103 INFO d.DrugMarket [main] {MARIJUANA=304.86213282897023773160239914116301861860401397103731964624344334723535619550223856565394870451101831194862436188840190947828706362424722112742039756112618576678266672401913989975468696678400, COCAINE=828.093254978651114797805872998867759247345182684427933904537145486423845970717714944644447124307453988596053849788142735870683163915673812730485744887928576308173577407568066409835202687166054400, HEROIN=29.14587694235260260989246793745268741804367353417460841779957464836186882772010778526862086749413855413576285366107815486150603794453559630937528393381327720186258014371672639930391396836160000, ESCTASY=114.9865734548662579297189054055307486537370061646530255137407340193175038809258207837265283972823454172267640032984126399805491086275853459879885622108040573376661915868519023011890424601600000, AMPHETAMINE=39.25125411932885491387804187353116905927916704559599829656266535714639839704260528014369595780453532994231002862035629304183486069500716520790467119635555132591393101447241438092766613007308800}
2019-05-29 00:29:48,925 INFO p.Player [main] Day 13, player=Player, city=Grassbay, balance=2090, offensive=265, defensive=285, mental=67, weapon=Kitchen Knife
2019-05-29 00:29:48,926 INFO d.DrugMarket [main] Day 13, Prices on the market: type=MARIJUANA price=304.86, type=COCAINE price=828.09, type=HEROIN price=29.15, type=ESCTASY price=114.99, type=AMPHETAMINE price=39.25, 
2019-05-29 00:29:48,927 INFO d.DrugMarket [main] {MARIJUANA=220.637527652102510664318450322739812599947870320089693811750855622665277185250923428111759451993319481000506709213446295389479583760261104463413825779695422174685384178096498436135365139926030020925541990400, COCAINE=1220.9748983526180808970919118650471017210869763465026005562821069059847878741916538695834536817756093998931557405545469928686579310243922442829275216945015617589920648872605477012408164279045222265345463759667200, HEROIN=25.296619936270356746881642690014820277469507944381879316024493840202742763546063110541313003650894782663824698241971541933345383388441866971168640059684192270774461389334824883305022223218312984692473805440000, ESCTASY=151.25724008124508968788023721500217877161061257427749171304060829071402518514827228244914352811955456008764964309921666473603881283902017293135112610787205608945000898725595276130857800816851225685351552000000, AMPHETAMINE=26.531045192216350668819969969762546426861624304000154949698121728347276963826586297628418460223930263287910494669397305827257233873827102924346027021293653945092853105475955336877979720736147078478567416985600}
2019-05-29 00:30:48,133 INFO p.Player [main] Day 14, player=Player, city=Grassbay, balance=1090, offensive=190, defensive=210, mental=51, weapon=Automatic pistol
2019-05-29 00:30:48,133 INFO d.DrugMarket [main] Day 14, Prices on the market: type=MARIJUANA price=220.64, type=COCAINE price=1220.97, type=HEROIN price=25.30, type=ESCTASY price=151.26, type=AMPHETAMINE price=26.53, 
2019-05-29 00:30:48,134 INFO d.DrugMarket [main] {MARIJUANA=244.3113618356951852752374978519801702876795326917698178188801238028843235346752019932685583398684120161138732755637568868177869403608110894703085794715260489951029985636588843874074392802848125496645273779972379028667596800, COCAINE=1811.93249518644176739588282809564874893654724081205300058590809834674571980927669928201177229383454606234236673630457445512838080578185205424612648353741531115899192105406183850860776927105595903962545426402861726333161963520000, HEROIN=16.7672676892350941113712858593947826676535763469473382646779154056718670622906063493435267494339867316736808780270673230283819041528729500561873708568319338393949162225829897624373822775857960497803903667157847718896758400000, ESCTASY=102.431109500260573886570939343337859809555069752906802570792476646345371108164556879801592345574847398702601294931199455267064507445565965427581034568476505125527864321086338521122499685116313927374149328183672831321216000000, AMPHETAMINE=39.253438665191070131041166751202751415582892001137341959128798014235340884847334202991464231386466894262770652292762459435961948260757665424318471576988410806141485806750508929690986384867658415874720801542145698341177190400}
2019-05-29 00:31:30,757 INFO p.Player [main] Day 15, player=Player, city=Grassbay, balance=1020, offensive=260, defensive=280, mental=60, weapon=Automatic pistol
2019-05-29 00:31:30,757 INFO d.DrugMarket [main] Day 15, Prices on the market: type=MARIJUANA price=244.31, type=COCAINE price=1811.93, type=HEROIN price=16.77, type=ESCTASY price=102.43, type=AMPHETAMINE price=39.25, 
2019-05-29 00:31:30,758 INFO d.DrugMarket [main] {MARIJUANA=375.40266032475628596281307825926625502955238586115622396813769477420896403395189441501666556398036696237366001537577472685146018240359744930869026053386633572958020227027962851089194601925172650211201987874666597223536742180637267938508800, COCAINE=1263.561802973795223928894402962113562378335124036712099443457419988091396466837469158327695508111734710637110609020804358762752247434059971543734465452475696728875571627244269322671465800112625008324710525581589630022325307188256990612684800000, HEROIN=15.5573750590453685570160804306682324324054730712664354116539036089545794229427556562573367428560613004380831041655613559704304143340738660822801829076102567299721410116136281759075474707380618820080006334854248219173062216553658098348800000, ESCTASY=135.4928327058030074025517014587490397794421505277145826937147959333377697866525829972415431662780694143053532312681938775415576534301844090836524933765742318222438634653718948816198894394436634001444269002619982784936411088802554228608000000, AMPHETAMINE=24.0647382090223632043872597842136545456284453634861245317307483972738790031711376434674432183406007185569702755240425639944354726704028760063107695320567508487976560503025960811499251941952717216559907505695656605715931530664663049595852800}
2019-05-29 00:31:38,381 INFO p.Player [main] Day 16, player=Player, city=Grassbay, balance=520, offensive=260, defensive=280, mental=59, weapon=Automatic pistol
2019-05-29 00:31:38,382 INFO d.DrugMarket [main] Day 16, Prices on the market: type=MARIJUANA price=375.40, type=COCAINE price=1263.56, type=HEROIN price=15.56, type=ESCTASY price=135.49, type=AMPHETAMINE price=24.06, 
2019-05-29 00:31:38,383 INFO d.DrugMarket [main] {MARIJUANA=226.415934279579209901130094686702093080776249043843440112927237082069664453416843366850252404029912363146044649524581749010040630344906368900614532678536074353273194317480891950733531338484718214991249983301743096378268705719183256449541476761410777907200, COCAINE=1904.8185344029919595177854777441819134049973587177090988028870560812645132845048409007457868103226379109133214905611832507564759331196893262759790077642999195147646299711376579098752622429366350316440766591086845332836817812658163232885265956380208843980800000, HEROIN=20.22883328885080400260256609924916965866074345458220943899800835062257494104236876439425880038000114669807413305299214341281297474719301504500649562399070000906722564430441981844426186662356660800018987939946309197727799594796931524823982568137096102400000, ESCTASY=158.3680139596045107027098255989833937594446678565977452085361044464418620875089711535108137344188736770581881872721192710465585760523496658404404961188363961558820675658676691019788598061020638105012380914808464655960492291539627790358988526216424832000000, AMPHETAMINE=17.91082270448012739371670405535012928304467595866422365745377140846655082000068421805676597617355565007512543661763077724016539208567662233632346478204773005317233066187160029071733923741120235281427968802671317019422645896460444872856990515654533143449600}
2019-05-29 00:31:46,445 INFO p.Player [main] Day 17, player=Player, city=Grassbay, balance=20, offensive=260, defensive=280, mental=58, weapon=Automatic pistol
2019-05-29 00:31:46,445 INFO d.DrugMarket [main] Day 17, Prices on the market: type=MARIJUANA price=226.42, type=COCAINE price=1904.82, type=HEROIN price=20.23, type=ESCTASY price=158.37, type=AMPHETAMINE price=17.91, 
2019-05-29 00:31:46,446 INFO d.DrugMarket [main] {MARIJUANA=164.8540312415399851874435580510513642435833642897683834543009793498402208684925847975906025004818870475911921995283383200791674112475489097031202060755349316595594261681113610966682940439820002584326463901865457513075190298514434789304593832218332039023065787461632000000, COCAINE=2535.82125334868002115178282907812840229656566863287733616938832206821864005231080850154869308701411642178640621568534986186199705544600044598833371401547417258678427297925094136623525216954105672698487790198213391367417483683271990085697577458580882674687752096829774233600000, HEROIN=23.245789396742506149319865356633317643155588323478388857843734687886938172840987490641826292361283495464123769986568970250751486364392043319732950294309422342779472216276644530356598863957698833914172670498374234521949329013733140154730068436283629604771600203249574400000, ESCTASY=132.65183877921866482675970271050390896799274736231659681797090721195254672191006968133277743427801562805927672304371647185242894052173513603827101629552487650828490444216750596407684303809415913515394822392923536617394292345866352086746705068683221323450337923840640000000, AMPHETAMINE=25.945345360272499231689736244122220082729822148161312095571977282743237087325420245097984089382027018317815971724928699366785877635836611245963917507798546656414123265374265276637819782518816911746993363949006510989791731196918034414758201147392307463543096095095991910400}
2019-05-29 00:35:23,299 INFO p.Player [main] Day 1, player=Player, city=Grassbay, balance=830, offensive=255, defensive=255, mental=114, weapon=Kitchen Knife
2019-05-29 00:35:23,304 INFO d.DrugMarket [main] Day 1, Prices on the market: type=MARIJUANA price=40.00, type=HEROIN price=50.00, type=ESCTASY price=50.00, type=COCAINE price=200.00, type=AMPHETAMINE price=30.00, 
2019-05-29 00:35:23,310 INFO d.DrugMarket [main] {MARIJUANA=50.8170313969917760, COCAINE=226.0482417034181600, HEROIN=31.6875167066341400, ESCTASY=57.1861729255985900, AMPHETAMINE=34.3167071041560180}
2019-05-29 00:35:28,700 INFO p.Player [main] Day 2, player=Player, city=Grassbay, balance=830, offensive=255, defensive=255, mental=113, weapon=Kitchen Knife
2019-05-29 00:35:28,700 INFO d.DrugMarket [main] Day 2, Prices on the market: type=MARIJUANA price=50.82, type=COCAINE price=226.05, type=HEROIN price=31.69, type=ESCTASY price=57.19, type=AMPHETAMINE price=34.32, 
2019-05-29 00:35:28,701 INFO d.DrugMarket [main] {MARIJUANA=42.3957843857467612307593065590720, COCAINE=138.96836051170398183918888922276000, HEROIN=46.21742658561748008793530123699800, ESCTASY=34.56723524645812063677650418118400, AMPHETAMINE=45.53355863468983116224868306299940}
2019-05-29 00:40:26,897 INFO p.Player [main] Day 1, player=Player, city=Grassbay, balance=1000, offensive=115, defensive=115, mental=59, weapon=Kitchen Knife
2019-05-29 00:40:26,902 INFO d.DrugMarket [main] Day 1, Prices on the market: type=MARIJUANA price=40.00, type=HEROIN price=50.00, type=ESCTASY price=50.00, type=COCAINE price=200.00, type=AMPHETAMINE price=30.00, 
2019-05-29 00:40:26,908 INFO d.DrugMarket [main] {MARIJUANA=43.07487354809160, COCAINE=242.1290139069846200, HEROIN=49.2720856953505350, ESCTASY=68.4984714314725300, AMPHETAMINE=25.2662636626203030}
2019-05-29 00:40:41,842 INFO p.Player [main] Day 2, player=Player, city=Grassbay, balance=1000, offensive=115, defensive=115, mental=58, weapon=Kitchen Knife
2019-05-29 00:40:41,842 INFO d.DrugMarket [main] Day 2, Prices on the market: type=MARIJUANA price=43.07, type=COCAINE price=242.13, type=HEROIN price=49.27, type=ESCTASY price=68.50, type=AMPHETAMINE price=25.27, 
2019-05-29 00:40:41,845 INFO d.DrugMarket [main] {MARIJUANA=39.090612159081803641510158047160, COCAINE=240.04124317302671208661491311196200, HEROIN=43.50502163491478371629769005002550, ESCTASY=58.61851965563295789176315448593700, AMPHETAMINE=16.96604752627334282426344043283330}
2019-05-29 00:40:45,818 INFO p.Player [main] Day 3, player=Player, city=Grassbay, balance=1000, offensive=115, defensive=115, mental=57, weapon=Kitchen Knife
2019-05-29 00:40:45,819 INFO d.DrugMarket [main] Day 3, Prices on the market: type=MARIJUANA price=39.09, type=COCAINE price=240.04, type=HEROIN price=43.51, type=ESCTASY price=58.62, type=AMPHETAMINE price=16.97, 
2019-05-29 00:40:45,820 INFO d.DrugMarket [main] {MARIJUANA=60.3673959363603108864572608270488532825546397040, COCAINE=283.750846869168203562842088991487326346358976654600, HEROIN=38.476122763797397680323100612251068034322626045550, ESCTASY=56.597004129427190983567467701573908129989883073100, AMPHETAMINE=15.107278350495404836448093411510663720840755582950}
2019-05-29 00:41:26,715 INFO p.Player [main] Day 4, player=Player, city=Grassbay, balance=1000, offensive=85, defensive=85, mental=36, weapon=Kitchen Knife
2019-05-29 00:41:26,716 INFO d.DrugMarket [main] Day 4, Prices on the market: type=MARIJUANA price=60.37, type=COCAINE price=283.75, type=HEROIN price=38.48, type=ESCTASY price=56.60, type=AMPHETAMINE price=15.11, 
2019-05-29 00:41:26,717 INFO d.DrugMarket [main] {MARIJUANA=89.96557730547748471718338015113552507862997322618496773284683680, COCAINE=173.4931984032836927963148341082700730718396402979321801456942387600, HEROIN=52.2596597994969713970451276407334618013902353987413657240813820300, ESCTASY=65.0746513496954279172190726155766575706510558437448474720168411200, AMPHETAMINE=20.7525528899844465289622318883984714571807053841228101475436279100}
2019-05-29 00:42:34,282 INFO p.Player [main] Day 5, player=Player, city=Grassbay, balance=830, offensive=155, defensive=165, mental=60, weapon=Kitchen Knife
2019-05-29 00:42:34,282 INFO d.DrugMarket [main] Day 5, Prices on the market: type=MARIJUANA price=89.97, type=COCAINE price=173.49, type=HEROIN price=52.26, type=ESCTASY price=65.07, type=AMPHETAMINE price=20.75, 
2019-05-29 00:42:34,283 INFO d.DrugMarket [main] {MARIJUANA=124.643765424956138041322324739106632800355129748861520428180649743419095853229440, COCAINE=234.96793153128405150125302986860815630393929201612333726348608704336805780995173200, HEROIN=63.62927874821563226642589323956246262101664872668726065097773562820787528814177900, ESCTASY=103.91711398091946087142564228017556278975591773639427272161169952956803926812630400, AMPHETAMINE=23.10276695174600835292899983093033545066731090080091246726665110296528506593931700}
2019-05-29 00:43:14,850 INFO p.Player [main] Day 6, player=Player, city=Grassbay, balance=830, offensive=125, defensive=135, mental=39, weapon=Kitchen Knife
2019-05-29 00:43:14,850 INFO d.DrugMarket [main] Day 6, Prices on the market: type=MARIJUANA price=124.64, type=COCAINE price=234.97, type=HEROIN price=63.63, type=ESCTASY price=103.92, type=AMPHETAMINE price=23.10, 
2019-05-29 00:43:14,852 INFO d.DrugMarket [main] {MARIJUANA=102.0487637002004211157954544188110344204499766070886930678236430312574582412805662137597288074240, COCAINE=231.740406797477906670552628219721090706616648178506609139080263510013142934014348146916329730770000, HEROIN=65.62053964743621519410072446423647882781215121500805614240859697697220857222076940588227795797900, ESCTASY=115.579222643664938235401392144099826250995753536809239777930093851971236624800462992577676431084800, AMPHETAMINE=29.391880520675348288102085069773096417224240832870662295671907667361945092056071978509259161464400}
2019-05-29 00:44:12,137 INFO p.Player [main] Day 7, player=Player, city=Grassbay, balance=660, offensive=265, defensive=275, mental=93, weapon=Kitchen Knife
2019-05-29 00:44:12,138 INFO d.DrugMarket [main] Day 7, Prices on the market: type=MARIJUANA price=102.05, type=COCAINE price=231.74, type=HEROIN price=65.62, type=ESCTASY price=115.58, type=AMPHETAMINE price=29.39, 
2019-05-29 00:44:12,139 INFO d.DrugMarket [main] {MARIJUANA=103.1785867440142700719100199026498173220885240726163488833590068773223683054705541101372743515379940242120775680, COCAINE=245.0314336307938913300485560582445441026203283600285070351007920272149106681235798772925269090156592563256817640000, HEROIN=79.818677067946095891551946331040211232061064803254754345247641809596376943445406797401254442635410303249502126200, ESCTASY=139.0444549969143407624600651727140595217877666387699273674999892732042202783081862301232151151214111121739239929600, AMPHETAMINE=36.0049629678458801849076212490921819731395558350352038948934113974894700323247909938318760587242053246723256795200}
2019-05-29 00:44:16,537 INFO p.Player [main] Day 8, player=Player, city=Grassbay, balance=660, offensive=265, defensive=275, mental=92, weapon=Kitchen Knife
2019-05-29 00:44:16,538 INFO d.DrugMarket [main] Day 8, Prices on the market: type=MARIJUANA price=103.18, type=COCAINE price=245.03, type=HEROIN price=79.82, type=ESCTASY price=139.04, type=AMPHETAMINE price=36.00, 
2019-05-29 00:44:16,540 INFO d.DrugMarket [main] {MARIJUANA=74.22730154601473806094893008799330563473862452279388187749962489072213172977931533569283276109839991008860375877839763226255360, COCAINE=229.749439172080858102349351313107437542929612803904357039164204734698241664228849530803238896367865554901335142422668235426960000, HEROIN=116.6212827125136919541949729542940783664419341571503480957781436323889052323242897974738991317266830884026597074711695860008213000, ESCTASY=98.69196538725351825201271713214712939022701986057718425727085628549015564926710317898502974864002493562641231401305255488975404800, AMPHETAMINE=47.86413281538189435161903932552210838523707400502320955775299038383095646202025658638086510088698825607292826300434751996108931200}
2019-05-29 00:44:33,833 INFO p.Player [main] Day 9, player=Player, city=Grassbay, balance=660, offensive=195, defensive=215, mental=61, weapon=Kitchen Knife
2019-05-29 00:44:33,834 INFO d.DrugMarket [main] Day 9, Prices on the market: type=MARIJUANA price=74.23, type=COCAINE price=229.75, type=HEROIN price=116.62, type=ESCTASY price=98.69, type=AMPHETAMINE price=47.86, 
2019-05-29 00:44:33,835 INFO d.DrugMarket [main] {MARIJUANA=76.102623551013065940840989641034939283711381196192346091256664330561220231826563334144596070505009592551014969927167042294379910066748862341120, COCAINE=231.2961923570636329217961870723596502587474564115701967517194370047030981131354258754220092661735416708510945246501312124164928115507509932720000, HEROIN=170.1581200632917009432498731228865804893179441051598348296550671458907637978529475025669770493120772846492769418308135680852879591053670339673000, ESCTASY=141.691228950360370371134391303550986434979627616092627106589898625104958480587273465222749080331036546320862396574539523667062855813672104268115200, AMPHETAMINE=63.974749570964647764825100946078786929208989760995260298480171882677221387477960673236462599505699668115016991709912972564722387384704748135756800}
2019-05-29 00:45:43,944 INFO p.Player [main] Day 1, player=Player, city=Grassbay, balance=830, offensive=255, defensive=255, mental=114, weapon=Kitchen Knife
2019-05-29 00:45:43,949 INFO d.DrugMarket [main] Day 1, Prices on the market: type=MARIJUANA price=40.00, type=HEROIN price=50.00, type=ESCTASY price=50.00, type=COCAINE price=200.00, type=AMPHETAMINE price=30.00, 
2019-05-29 00:45:43,955 INFO d.DrugMarket [main] {MARIJUANA=54.1704430981651440, COCAINE=145.2219844366059400, HEROIN=70.7975310854933250, ESCTASY=62.8209446334173850, AMPHETAMINE=43.5869343160323510}
2019-05-29 00:45:51,553 INFO p.Player [main] Day 2, player=Player, city=Grassbay, balance=330, offensive=255, defensive=255, mental=113, weapon=Kitchen Knife
2019-05-29 00:45:51,553 INFO d.DrugMarket [main] Day 2, Prices on the market: type=MARIJUANA price=54.17, type=COCAINE price=145.22, type=HEROIN price=70.80, type=ESCTASY price=62.82, type=AMPHETAMINE price=43.59, 
2019-05-29 00:45:51,555 INFO d.DrugMarket [main] {MARIJUANA=61.88720619561494255107958631469440, COCAINE=134.01122286670509469220187411827600, HEROIN=80.35627885979330975440550223438000, ESCTASY=45.06960110166920332346894280306150, AMPHETAMINE=42.13280264508134994787198207238220}
2019-05-29 00:46:07,017 INFO p.Player [main] Day 3, player=Player, city=Grassbay, balance=330, offensive=185, defensive=195, mental=82, weapon=Kitchen Knife
2019-05-29 00:46:07,017 INFO d.DrugMarket [main] Day 3, Prices on the market: type=MARIJUANA price=61.89, type=COCAINE price=134.01, type=HEROIN price=80.36, type=ESCTASY price=45.07, type=AMPHETAMINE price=42.13, 
2019-05-29 00:46:07,018 INFO d.DrugMarket [main] {MARIJUANA=39.825416576124941308558992890896719558724342805760, COCAINE=136.663187898025215356858197488392158741085972976400, HEROIN=99.595258468189343271436150496850150955492766142000, ESCTASY=33.880766958064452031878380178994016324763452031300, AMPHETAMINE=45.36625068499884111909772435737566587795670502420}
2019-05-29 00:46:57,401 INFO p.Player [main] Day 4, player=Player, city=Grassbay, balance=260, offensive=120, defensive=130, mental=76, weapon=Kitchen Knife
2019-05-29 00:46:57,401 INFO d.DrugMarket [main] Day 4, Prices on the market: type=MARIJUANA price=39.83, type=COCAINE price=136.66, type=HEROIN price=99.60, type=ESCTASY price=33.88, type=AMPHETAMINE price=45.37, 
2019-05-29 00:46:57,403 INFO d.DrugMarket [main] {MARIJUANA=56.4486846197127979806087918785416436596352601271239747042696860160, COCAINE=139.6404245173314198355295930171879680695386618381271451506257753200, HEROIN=72.4256873683533818513967904535521765795029379630964430115815738000, ESCTASY=40.963590408170336523554397340413150131296635198903987685512879300, AMPHETAMINE=72.115422503883602406273771448509584328072785518383085368929926920}
2019-05-29 00:47:58,382 INFO p.Player [main] Day 1, player=Player, city=Grassbay, balance=1000, offensive=115, defensive=115, mental=60, weapon=Kitchen Knife
2019-05-29 00:47:58,389 INFO d.DrugMarket [main] Day 1, Prices on the market: type=MARIJUANA price=40.00, type=HEROIN price=50.00, type=ESCTASY price=50.00, type=COCAINE price=200.00, type=AMPHETAMINE price=30.00, 
2019-05-29 00:48:53,559 INFO p.Player [main] Day 1, player=Player, city=Grassbay, balance=830, offensive=255, defensive=255, mental=114, weapon=Kitchen Knife
2019-05-29 00:48:53,565 INFO d.DrugMarket [main] Day 1, Prices on the market: type=MARIJUANA price=40.00, type=HEROIN price=50.00, type=ESCTASY price=50.00, type=COCAINE price=200.00, type=AMPHETAMINE price=30.00, 
2019-05-29 00:48:53,570 INFO d.DrugMarket [main] {MARIJUANA=37.5299968282378240, COCAINE=315.742527346721600, HEROIN=72.7201514140293200, ESCTASY=66.3357599598932150, AMPHETAMINE=30.375716726645610}
2019-05-29 00:49:51,800 INFO p.Player [main] Day 2, player=Player, city=Grassbay, balance=30, offensive=350, defensive=325, mental=113, weapon=Assault rifle
2019-05-29 00:49:51,800 INFO d.DrugMarket [main] Day 2, Prices on the market: type=MARIJUANA price=37.53, type=COCAINE price=315.74, type=HEROIN price=72.72, type=ESCTASY price=66.34, type=AMPHETAMINE price=30.38, 
2019-05-29 00:49:51,802 INFO d.DrugMarket [main] {MARIJUANA=22.64874826665608734747616014499840, COCAINE=468.9096009268358841397220361443200, HEROIN=78.07481363746401746281778174516800, ESCTASY=85.33811356745644296033268474949850, AMPHETAMINE=39.8215565971901670536363022984930}
2019-05-29 00:50:22,688 INFO p.Player [main] Day 3, player=Player, city=Grassbay, balance=2030, offensive=320, defensive=295, mental=92, weapon=Assault rifle
2019-05-29 00:50:22,688 INFO d.DrugMarket [main] Day 3, Prices on the market: type=MARIJUANA price=22.65, type=COCAINE price=468.91, type=HEROIN price=78.07, type=ESCTASY price=85.34, type=AMPHETAMINE price=39.82, 
2019-05-29 00:50:22,690 INFO d.DrugMarket [main] {MARIJUANA=18.058288160029076795606880988659688043412152647680, COCAINE=620.2460945243559682656238884396268958432034844800, HEROIN=110.619333661842058378652689119862774632729222702400, ESCTASY=78.741324275373878070897801565359636095029264034250, AMPHETAMINE=41.69991548711219985399476919441095578741977846240}
2019-05-29 00:51:35,063 INFO p.Player [main] Day 4, player=Player, city=Grassbay, balance=1190, offensive=485, defensive=485, mental=136, weapon=Assault rifle
2019-05-29 00:51:35,064 INFO d.DrugMarket [main] Day 4, Prices on the market: type=MARIJUANA price=18.06, type=COCAINE price=620.25, type=HEROIN price=110.62, type=ESCTASY price=78.74, type=AMPHETAMINE price=41.70, 
2019-05-29 00:51:35,065 INFO d.DrugMarket [main] {MARIJUANA=21.7938106305148991104953261682986444366992222258839792559004057600, COCAINE=392.29960378944818317029244539965025420034838416476541296475814400, HEROIN=155.9407592200045872361049431864167761158263277685224590713988536000, ESCTASY=118.7981395034057605348492220831222345986190563477828192542056216250, AMPHETAMINE=47.967685420682832412866112573893755429211886112020093464142015200}
2019-05-29 00:51:41,055 INFO p.Player [main] Day 5, player=Player, city=Grassbay, balance=1190, offensive=485, defensive=485, mental=135, weapon=Assault rifle
2019-05-29 00:51:41,056 INFO d.DrugMarket [main] Day 5, Prices on the market: type=MARIJUANA price=21.79, type=COCAINE price=392.30, type=HEROIN price=155.94, type=ESCTASY price=118.80, type=AMPHETAMINE price=47.97, 
2019-05-29 00:51:41,057 INFO d.DrugMarket [main] {MARIJUANA=33.80534712376427506017677289647207328353934984305457930964549149367599260722790400, COCAINE=591.30217592166197082575560468250002870435784554665429709202355203126926396646400, HEROIN=196.27911238559791158807414005536955890116977001806824881710096474852211766266624000, ESCTASY=100.56148761757512867977108127602470848034489975563689402376173408328394657355077500, AMPHETAMINE=75.4034208691993410374505430913975483839046025077608214564273412242551430754878400}
2019-05-29 00:51:56,543 INFO p.Player [main] Day 6, player=Player, city=Grassbay, balance=1190, offensive=455, defensive=455, mental=114, weapon=Assault rifle
2019-05-29 00:51:56,544 INFO d.DrugMarket [main] Day 6, Prices on the market: type=MARIJUANA price=33.81, type=COCAINE price=591.30, type=HEROIN price=196.28, type=ESCTASY price=100.56, type=AMPHETAMINE price=75.40, 
2019-05-29 00:51:56,545 INFO d.DrugMarket [main] {MARIJUANA=33.545813427245273939626919688509239439634933181645148290169824557672778379514771648605544893644800, COCAINE=660.27314814005426828203298089541545465456281433489333540545126960738816572389213947564584064000, HEROIN=210.608996999234946703051491594818714144407521072414663914542484571483065357455263634729436688384000, ESCTASY=81.412923566401895541438068576179242815396035046913331424954282554598816161121137648028022299017500, AMPHETAMINE=82.3110668768911626407587482827051005375806047474623858948251184152239796970105323128765763355200}
2019-05-29 00:52:01,639 INFO p.Player [main] Day 7, player=Player, city=Grassbay, balance=1190, offensive=455, defensive=455, mental=113, weapon=Assault rifle
2019-05-29 00:52:01,639 INFO d.DrugMarket [main] Day 7, Prices on the market: type=MARIJUANA price=33.55, type=COCAINE price=660.27, type=HEROIN price=210.61, type=ESCTASY price=81.41, type=AMPHETAMINE price=82.31, 
2019-05-29 00:52:01,641 INFO d.DrugMarket [main] {MARIJUANA=37.729033484397366366408199728479151578583689534945714538155722130382088349592765851556242858695399918800705945600, COCAINE=757.861574662312748687214493758221633067623217382540371628013692134639135091993457180870950433173424177845632000, HEROIN=302.2108627653181915046379711756417650977728490380778858383645990647198564463413435793765240424028770587334275072000, ESCTASY=77.4729665696845246208891705547612498496449951211915883761234468825115172422237467305444215345685208893922877617500, AMPHETAMINE=124.9688193133368854401960978707459307990444623644048036367204328967054342703091312452878506636017994423998172800}
2019-05-29 00:52:18,679 INFO p.Player [main] Day 8, player=Player, city=Grassbay, balance=1190, offensive=385, defensive=395, mental=82, weapon=Assault rifle
2019-05-29 00:52:18,679 INFO d.DrugMarket [main] Day 8, Prices on the market: type=MARIJUANA price=37.73, type=COCAINE price=757.86, type=HEROIN price=302.21, type=ESCTASY price=77.47, type=AMPHETAMINE price=124.97, 
2019-05-29 00:52:18,681 INFO d.DrugMarket [main] {MARIJUANA=48.3689349164466254616747809964664713095180570767025905015430873503479170360795329486738820234677773954190555107058097040182476800, COCAINE=544.7336919588280346435797213339785359301105821609759218589267945798358413268331734557930882480577712115618258320562499408768000, HEROIN=248.05346846362902411489878493118829730085231644806349862599468364020310293168388993448779013384322086902896388906866218957082624000, ESCTASY=93.81235421266175292199454992362098056109548633949114584288264482302855544035744383765826925129178934027345637007888993939508902500, AMPHETAMINE=133.78191721387138735051661668986957157547235178186950761483143677592253960937761687736897960785617601286152642197509684787478400}
2019-05-29 00:53:11,407 INFO p.Player [main] Day 9, player=Player, city=Grassbay, balance=1060, offensive=455, defensive=465, mental=161, weapon=Assault rifle
2019-05-29 00:53:11,408 INFO d.DrugMarket [main] Day 9, Prices on the market: type=MARIJUANA price=48.37, type=COCAINE price=544.73, type=HEROIN price=248.05, type=ESCTASY price=93.81, type=AMPHETAMINE price=133.78, 
2019-05-29 00:53:11,409 INFO d.DrugMarket [main] {MARIJUANA=50.0979250971225227883444985152068405660535140479408155075999419299049138708099835397412582749879485313722818295267966276323898565278212869324800, COCAINE=597.02569651724981564860835219578736685134207994743926160991945373738757489996653682215028706655292324057416051780013829866053665450836822784000, HEROIN=227.975300507856826390859667742604244923761881311594506001721211932700604411851817859149717035792999851043465541464157299001806015579951399735296000, ESCTASY=58.897924459002286476297020071890562193089688438714799546759775829294514161057823587883371468007776741132404880322204748972527508027448025476377500, AMPHETAMINE=211.377194243524134253910009255876617655384568884309746991323195783716841573677716205621170936617138494046919645964584901690050297419303326988800}
2019-05-29 00:53:16,079 INFO p.Player [main] Day 10, player=Player, city=Grassbay, balance=1060, offensive=455, defensive=465, mental=160, weapon=Assault rifle
2019-05-29 00:53:16,079 INFO d.DrugMarket [main] Day 10, Prices on the market: type=MARIJUANA price=50.10, type=COCAINE price=597.03, type=HEROIN price=227.98, type=ESCTASY price=58.90, type=AMPHETAMINE price=211.38, 
2019-05-29 00:53:16,080 INFO d.DrugMarket [main] {MARIJUANA=33.39343303540996415736955993135093095734721845013442687407385290337712540362311791193856896015090545289512004726722462422944763087874522926210307902985050521600, COCAINE=707.70767754039888354078998806898318880200826945072323589898361699986040170748754912633289037092202065044802301220118783959041187734779111318139831186769408000, HEROIN=324.7719019312561779010185433368181234269320987108348853170089801974835997324800194127432099727387716755352049317425239927225925158382851635931160819921045209088000, ESCTASY=92.3449995351933068755742822109954347804845802581905417121575623735129281616620657143024033326232625100915733874873687259991183959856646917465365813997760906830000, AMPHETAMINE=222.7625807876704481194420538057357731648604477161911784805720251626395728717396854480750414440243547377666466769132229183242413493199083833439776119636436134400}
2019-05-29 00:53:20,391 INFO p.Player [main] Day 11, player=Player, city=Grassbay, balance=1060, offensive=455, defensive=465, mental=159, weapon=Assault rifle
2019-05-29 00:53:20,391 INFO d.DrugMarket [main] Day 11, Prices on the market: type=MARIJUANA price=33.39, type=COCAINE price=707.71, type=HEROIN price=324.77, type=ESCTASY price=92.34, type=AMPHETAMINE price=222.76, 
2019-05-29 00:53:20,393 INFO d.DrugMarket [main] {MARIJUANA=24.232659401937982539963451935720425714927205771758409714931777819571579584698272380636856624931901415111441626340461378490660173735185607891636425430537699484762887744074547200, COCAINE=502.163741969732276889105149858648433464064148280626885468265267115737061760067648289699894383906565232608951070263570850560089346576096128548009866212967254501944410140160000, HEROIN=408.71246522239026815452689231814641963311790876733244404159936010912946473299757889562997810882393344756840602706061933105205661382210120086177073077778119037198492710099501056000, ESCTASY=63.53680518178710200330848507427068557346545830078081913907595916282800454255104621177362889326867401369918514358239714911178209034605980242103588395529022547325503463815260750000, AMPHETAMINE=160.27858704839098175065524595236656770260602550278977263744274298449972793380284064511571698453249523198083073386770165278737607264260181633413071313790392820438482358490022400}
2019-05-29 00:53:30,943 INFO p.Player [main] Day 12, player=Player, city=Grassbay, balance=560, offensive=455, defensive=465, mental=158, weapon=Assault rifle
2019-05-29 00:53:30,943 INFO d.DrugMarket [main] Day 12, Prices on the market: type=MARIJUANA price=24.23, type=COCAINE price=502.16, type=HEROIN price=408.71, type=ESCTASY price=63.54, type=AMPHETAMINE price=160.28, 
2019-05-29 00:53:30,946 INFO d.DrugMarket [main] {MARIJUANA=36.6312949316200464042439493429921225540584453511033426445263871545485652681911573811603153668203811042113750701570535127008395406729549179474920606183171797263671227208228102808448837825331200, COCAINE=607.815491372788577263028048300350237776690046032927730122162647220017643998776259843884413263289180096538790044372013692018071258182873654158503819680869034467378649880260734886205027840000, HEROIN=527.298356726040101048523225093833034464958000380154874900697029834029072383760078832184334738430376861460780035995114214583702031359946592962648049619739895318541957598475439966413429270888448000, ESCTASY=56.748519773424562926355840712044939791121623020755651628018483691106339985310268060538510404899439162533404745626579530322262499752944821624806016217692893343187265627306906973329733531647750000, AMPHETAMINE=97.564725891637907463013515083523494448601423336118132546195114889501843370420861369652366968232315240960758176693155055902615035255897787468537557829696203646970034783726214328598868614963200}
2019-05-29 00:54:01,023 INFO p.Player [main] Day 13, player=Player, city=Grassbay, balance=560, offensive=385, defensive=405, mental=127, weapon=Assault rifle
2019-05-29 00:54:01,023 INFO d.DrugMarket [main] Day 13, Prices on the market: type=MARIJUANA price=36.63, type=COCAINE price=607.82, type=HEROIN price=527.30, type=ESCTASY price=56.75, type=AMPHETAMINE price=97.56, 
2019-05-29 00:54:01,024 INFO d.DrugMarket [main] {MARIJUANA=29.70153006052850071288537197236963855057951053323855015269800051346258541737348511592018103610421082292704188631403752107899954951475473574438004754948802847541060928075581959690734770150956143886189828505600, COCAINE=446.7049956012607562926621926553942376223855082773059679106753739951535857841068618173902414100964262027626034629998377042354573068036567852545437749968731232464865945141692728142653367377492788225981440000, HEROIN=791.7389188813115476376404399016704673330329650296202717378735351517973237563009611281361747810574838177068519403875991109372982662726220142552952034848378435313625706197957796045663988931972766275156878196736000, ESCTASY=86.3974474641978443759345178219556233146996418770392159000424659828851788200599202176288310871279394381933192859585811208010335062602158078203532299907115793897466937898315946176417891164113403905808857506250000, AMPHETAMINE=123.1417396360318154226963867634570807953783735429827969614651735482475767064623612646503495296137791347051324093641305725868759499892843666974177831074148794442117902813265470075196455262046920995627609292800}
2019-05-29 00:54:19,543 INFO p.Player [main] Day 14, player=Player, city=Grassbay, balance=560, offensive=185, defensive=205, mental=76, weapon=Assault rifle
2019-05-29 00:54:19,543 INFO d.DrugMarket [main] Day 14, Prices on the market: type=MARIJUANA price=29.70, type=COCAINE price=446.70, type=HEROIN price=791.74, type=ESCTASY price=86.40, type=AMPHETAMINE price=123.14, 
2019-05-29 00:54:19,544 INFO d.DrugMarket [main] {MARIJUANA=28.454385395298482327692604774116487063369493834786197398363609565554714317034484667431957217046908256238385077163285686275104539210177087794787649562264058544649311733359825480353724804729420180300831670273234118681139609600, COCAINE=270.68997536123611646506540322631531144518658797790812509532508316752617866248207298712187605566176513632455936834438675512357523647128188326616142875304634272307824180618015940225710204987929913663856698603842017346560000, HEROIN=1229.38340937834620100056820640981109982686669607981407345515252767339006089953660891418164344946039492239679709069370200290234465148899780295538380557971206850055308754437512314592507935804440431332034692777092609497959268352000, ESCTASY=77.13998935859693368083157760245955268814390431641466361676925794791679732456590427787198609130245230322884324814963565186727846050088008144259962782296996403192675808199900272883293378831134326407811063523424415852652843750000, AMPHETAMINE=177.42984618167387444955437310621170267663801364737532122751891506722634371057609868757380796168463830605394058385015847780365695434427503873372313248317251293854161630418362233317221177651716229217556668672185798899715276800}
